<?xml version="1.0" encoding="UTF-8"?>
<coverage generated="1776299524914" clover="3.2.0">
  <project timestamp="1776299524914" name="All files">
    <metrics statements="363" coveredstatements="357" conditionals="256" coveredconditionals="256" methods="26" coveredmethods="23" elements="645" coveredelements="636" complexity="0" loc="363" ncloc="363" packages="6" files="10" classes="10"/>
    <package name="src">
      <metrics statements="6" coveredstatements="6" conditionals="0" coveredconditionals="0" methods="2" coveredmethods="2"/>
      <file name="errors.ts" path="C:\Users\hpate\projects\volt\backend-volt\src\errors.ts">
        <metrics statements="6" coveredstatements="6" conditionals="0" coveredconditionals="0" methods="2" coveredmethods="2"/>
        <line num="6" count="22" type="stmt"/>
        <line num="7" count="22" type="stmt"/>
        <line num="8" count="22" type="stmt"/>
        <line num="17" count="4" type="stmt"/>
        <line num="18" count="4" type="stmt"/>
        <line num="19" count="4" type="stmt"/>
      </file>
    </package>
    <package name="src.__mocks__">
      <metrics statements="1" coveredstatements="1" conditionals="0" coveredconditionals="0" methods="0" coveredmethods="0"/>
      <file name="db.ts" path="C:\Users\hpate\projects\volt\backend-volt\src\__mocks__\db.ts">
        <metrics statements="1" coveredstatements="1" conditionals="0" coveredconditionals="0" methods="0" coveredmethods="0"/>
        <line num="4" count="4" type="stmt"/>
      </file>
    </package>
    <package name="src.controllers">
      <metrics statements="206" coveredstatements="206" conditionals="186" coveredconditionals="186" methods="10" coveredmethods="10"/>
      <file name="meal.controller.ts" path="C:\Users\hpate\projects\volt\backend-volt\src\controllers\meal.controller.ts">
        <metrics statements="121" coveredstatements="121" conditionals="122" coveredconditionals="122" methods="5" coveredmethods="5"/>
        <line num="7" count="9" type="stmt"/>
        <line num="8" count="9" type="stmt"/>
        <line num="9" count="9" type="stmt"/>
        <line num="12" count="9" type="cond" truecount="5" falsecount="0"/>
        <line num="13" count="3" type="stmt"/>
        <line num="17" count="6" type="stmt"/>
        <line num="18" count="6" type="cond" truecount="2" falsecount="0"/>
        <line num="19" count="1" type="stmt"/>
        <line num="22" count="5" type="stmt"/>
        <line num="23" count="2" type="stmt"/>
        <line num="25" count="3" type="cond" truecount="2" falsecount="0"/>
        <line num="26" count="1" type="stmt"/>
        <line num="27" count="2" type="cond" truecount="2" falsecount="0"/>
        <line num="28" count="1" type="stmt"/>
        <line num="30" count="1" type="stmt"/>
        <line num="36" count="12" type="stmt"/>
        <line num="37" count="12" type="stmt"/>
        <line num="38" count="12" type="stmt"/>
        <line num="39" count="12" type="stmt"/>
        <line num="42" count="12" type="cond" truecount="2" falsecount="0"/>
        <line num="49" count="5" type="stmt"/>
        <line num="53" count="7" type="stmt"/>
        <line num="54" count="7" type="cond" truecount="2" falsecount="0"/>
        <line num="55" count="1" type="stmt"/>
        <line num="59" count="6" type="stmt"/>
        <line num="60" count="6" type="cond" truecount="2" falsecount="0"/>
        <line num="61" count="1" type="stmt"/>
        <line num="64" count="5" type="stmt"/>
        <line num="69" count="1" type="stmt"/>
        <line num="71" count="4" type="cond" truecount="2" falsecount="0"/>
        <line num="72" count="2" type="stmt"/>
        <line num="73" count="2" type="cond" truecount="2" falsecount="0"/>
        <line num="74" count="1" type="stmt"/>
        <line num="76" count="1" type="stmt"/>
        <line num="83" count="27" type="stmt"/>
        <line num="84" count="27" type="stmt"/>
        <line num="85" count="27" type="stmt"/>
        <line num="86" count="27" type="stmt"/>
        <line num="89" count="27" type="cond" truecount="5" falsecount="0"/>
        <line num="90" count="3" type="stmt"/>
        <line num="94" count="24" type="stmt"/>
        <line num="95" count="24" type="cond" truecount="2" falsecount="0"/>
        <line num="96" count="1" type="stmt"/>
        <line num="100" count="23" type="cond" truecount="5" falsecount="0"/>
        <line num="101" count="3" type="stmt"/>
        <line num="106" count="20" type="cond" truecount="2" falsecount="0"/>
        <line num="111" count="4" type="stmt"/>
        <line num="116" count="16" type="cond" truecount="5" falsecount="0"/>
        <line num="117" count="4" type="stmt"/>
        <line num="122" count="12" type="cond" truecount="5" falsecount="0"/>
        <line num="123" count="4" type="stmt"/>
        <line num="126" count="8" type="cond" truecount="5" falsecount="0"/>
        <line num="127" count="4" type="stmt"/>
        <line num="130" count="4" type="stmt"/>
        <line num="139" count="4" type="stmt"/>
        <line num="140" count="1" type="stmt"/>
        <line num="142" count="3" type="cond" truecount="2" falsecount="0"/>
        <line num="143" count="2" type="stmt"/>
        <line num="145" count="1" type="stmt"/>
        <line num="154" count="23" type="stmt"/>
        <line num="155" count="23" type="stmt"/>
        <line num="156" count="23" type="stmt"/>
        <line num="157" count="23" type="stmt"/>
        <line num="159" count="23" type="stmt"/>
        <line num="162" count="23" type="cond" truecount="2" falsecount="0"/>
        <line num="169" count="3" type="stmt"/>
        <line num="173" count="20" type="stmt"/>
        <line num="174" count="20" type="cond" truecount="2" falsecount="0"/>
        <line num="175" count="1" type="stmt"/>
        <line num="179" count="19" type="stmt"/>
        <line num="180" count="19" type="cond" truecount="2" falsecount="0"/>
        <line num="181" count="1" type="stmt"/>
        <line num="185" count="18" type="stmt"/>
        <line num="188" count="18" type="cond" truecount="2" falsecount="0"/>
        <line num="189" count="8" type="cond" truecount="4" falsecount="0"/>
        <line num="190" count="2" type="stmt"/>
        <line num="194" count="6" type="stmt"/>
        <line num="197" count="16" type="cond" truecount="2" falsecount="0"/>
        <line num="198" count="4" type="cond" truecount="4" falsecount="0"/>
        <line num="199" count="2" type="stmt"/>
        <line num="203" count="2" type="stmt"/>
        <line num="206" count="14" type="cond" truecount="2" falsecount="0"/>
        <line num="207" count="3" type="cond" truecount="4" falsecount="0"/>
        <line num="208" count="2" type="stmt"/>
        <line num="212" count="1" type="stmt"/>
        <line num="215" count="12" type="cond" truecount="2" falsecount="0"/>
        <line num="216" count="4" type="cond" truecount="4" falsecount="0"/>
        <line num="217" count="2" type="stmt"/>
        <line num="221" count="2" type="stmt"/>
        <line num="224" count="10" type="cond" truecount="2" falsecount="0"/>
        <line num="225" count="3" type="cond" truecount="4" falsecount="0"/>
        <line num="226" count="2" type="stmt"/>
        <line num="230" count="1" type="stmt"/>
        <line num="234" count="8" type="cond" truecount="2" falsecount="0"/>
        <line num="235" count="1" type="stmt"/>
        <line num="240" count="7" type="stmt"/>
        <line num="246" count="3" type="stmt"/>
        <line num="248" count="4" type="cond" truecount="2" falsecount="0"/>
        <line num="249" count="2" type="stmt"/>
        <line num="250" count="2" type="cond" truecount="2" falsecount="0"/>
        <line num="251" count="1" type="stmt"/>
        <line num="253" count="1" type="stmt"/>
        <line num="262" count="12" type="stmt"/>
        <line num="263" count="12" type="stmt"/>
        <line num="264" count="12" type="stmt"/>
        <line num="265" count="12" type="stmt"/>
        <line num="268" count="12" type="cond" truecount="2" falsecount="0"/>
        <line num="275" count="5" type="stmt"/>
        <line num="279" count="7" type="stmt"/>
        <line num="280" count="7" type="cond" truecount="2" falsecount="0"/>
        <line num="281" count="1" type="stmt"/>
        <line num="285" count="6" type="stmt"/>
        <line num="286" count="6" type="cond" truecount="2" falsecount="0"/>
        <line num="287" count="1" type="stmt"/>
        <line num="290" count="5" type="stmt"/>
        <line num="291" count="1" type="stmt"/>
        <line num="293" count="4" type="cond" truecount="2" falsecount="0"/>
        <line num="294" count="2" type="stmt"/>
        <line num="295" count="2" type="cond" truecount="2" falsecount="0"/>
        <line num="296" count="1" type="stmt"/>
        <line num="298" count="1" type="stmt"/>
      </file>
      <file name="nutrition.controller.ts" path="C:\Users\hpate\projects\volt\backend-volt\src\controllers\nutrition.controller.ts">
        <metrics statements="85" coveredstatements="85" conditionals="64" coveredconditionals="64" methods="5" coveredmethods="5"/>
        <line num="9" count="13" type="stmt"/>
        <line num="10" count="13" type="stmt"/>
        <line num="11" count="13" type="stmt"/>
        <line num="12" count="13" type="stmt"/>
        <line num="15" count="13" type="cond" truecount="5" falsecount="0"/>
        <line num="16" count="3" type="stmt"/>
        <line num="20" count="10" type="stmt"/>
        <line num="21" count="10" type="stmt"/>
        <line num="24" count="10" type="cond" truecount="6" falsecount="0"/>
        <line num="25" count="6" type="stmt"/>
        <line num="30" count="4" type="stmt"/>
        <line num="35" count="2" type="stmt"/>
        <line num="37" count="2" type="cond" truecount="2" falsecount="0"/>
        <line num="38" count="1" type="stmt"/>
        <line num="40" count="1" type="stmt"/>
        <line num="47" count="8" type="stmt"/>
        <line num="48" count="8" type="stmt"/>
        <line num="49" count="8" type="stmt"/>
        <line num="52" count="8" type="cond" truecount="5" falsecount="0"/>
        <line num="53" count="3" type="stmt"/>
        <line num="57" count="5" type="stmt"/>
        <line num="58" count="5" type="cond" truecount="2" falsecount="0"/>
        <line num="59" count="1" type="stmt"/>
        <line num="63" count="4" type="stmt"/>
        <line num="68" count="1" type="stmt"/>
        <line num="70" count="3" type="cond" truecount="2" falsecount="0"/>
        <line num="71" count="1" type="stmt"/>
        <line num="72" count="2" type="cond" truecount="2" falsecount="0"/>
        <line num="73" count="1" type="stmt"/>
        <line num="75" count="1" type="stmt"/>
        <line num="81" count="8" type="stmt"/>
        <line num="82" count="8" type="stmt"/>
        <line num="83" count="8" type="stmt"/>
        <line num="86" count="8" type="cond" truecount="4" falsecount="0"/>
        <line num="87" count="2" type="stmt"/>
        <line num="90" count="6" type="cond" truecount="2" falsecount="0"/>
        <line num="91" count="1" type="stmt"/>
        <line num="94" count="5" type="cond" truecount="2" falsecount="0"/>
        <line num="95" count="1" type="stmt"/>
        <line num="97" count="4" type="stmt"/>
        <line num="99" count="4" type="stmt"/>
        <line num="105" count="4" type="stmt"/>
        <line num="106" count="1" type="stmt"/>
        <line num="108" count="3" type="cond" truecount="2" falsecount="0"/>
        <line num="109" count="1" type="stmt"/>
        <line num="110" count="2" type="cond" truecount="2" falsecount="0"/>
        <line num="111" count="1" type="stmt"/>
        <line num="113" count="1" type="stmt"/>
        <line num="119" count="12" type="stmt"/>
        <line num="120" count="12" type="stmt"/>
        <line num="121" count="12" type="stmt"/>
        <line num="122" count="12" type="stmt"/>
        <line num="125" count="12" type="cond" truecount="2" falsecount="0"/>
        <line num="132" count="5" type="stmt"/>
        <line num="136" count="7" type="stmt"/>
        <line num="137" count="7" type="cond" truecount="2" falsecount="0"/>
        <line num="138" count="1" type="stmt"/>
        <line num="142" count="6" type="cond" truecount="2" falsecount="0"/>
        <line num="143" count="1" type="stmt"/>
        <line num="145" count="5" type="stmt"/>
        <line num="146" count="5" type="stmt"/>
        <line num="151" count="5" type="stmt"/>
        <line num="156" count="1" type="stmt"/>
        <line num="158" count="4" type="cond" truecount="2" falsecount="0"/>
        <line num="159" count="1" type="stmt"/>
        <line num="160" count="3" type="cond" truecount="2" falsecount="0"/>
        <line num="161" count="1" type="stmt"/>
        <line num="162" count="2" type="cond" truecount="2" falsecount="0"/>
        <line num="163" count="1" type="stmt"/>
        <line num="165" count="1" type="stmt"/>
        <line num="171" count="8" type="stmt"/>
        <line num="172" count="8" type="stmt"/>
        <line num="173" count="8" type="stmt"/>
        <line num="176" count="8" type="cond" truecount="5" falsecount="0"/>
        <line num="177" count="3" type="stmt"/>
        <line num="181" count="5" type="stmt"/>
        <line num="182" count="5" type="cond" truecount="2" falsecount="0"/>
        <line num="183" count="1" type="stmt"/>
        <line num="187" count="4" type="stmt"/>
        <line num="188" count="1" type="stmt"/>
        <line num="190" count="3" type="cond" truecount="2" falsecount="0"/>
        <line num="191" count="1" type="stmt"/>
        <line num="192" count="2" type="cond" truecount="2" falsecount="0"/>
        <line num="193" count="1" type="stmt"/>
        <line num="195" count="1" type="stmt"/>
      </file>
    </package>
    <package name="src.generated.prisma">
      <metrics statements="2" coveredstatements="2" conditionals="0" coveredconditionals="0" methods="0" coveredmethods="0"/>
      <file name="client.ts" path="C:\Users\hpate\projects\volt\backend-volt\src\generated\prisma\client.ts">
        <metrics statements="2" coveredstatements="2" conditionals="0" coveredconditionals="0" methods="0" coveredmethods="0"/>
        <line num="16" count="4" type="stmt"/>
        <line num="40" count="4" type="stmt"/>
      </file>
      <file name="enums.ts" path="C:\Users\hpate\projects\volt\backend-volt\src\generated\prisma\enums.ts">
        <metrics statements="0" coveredstatements="0" conditionals="0" coveredconditionals="0" methods="0" coveredmethods="0"/>
      </file>
    </package>
    <package name="src.generated.prisma.internal">
      <metrics statements="45" coveredstatements="39" conditionals="0" coveredconditionals="0" methods="4" coveredmethods="1"/>
      <file name="class.ts" path="C:\Users\hpate\projects\volt\backend-volt\src\generated\prisma\internal\class.ts">
        <metrics statements="11" coveredstatements="5" conditionals="0" coveredconditionals="0" methods="4" coveredmethods="1"/>
        <line num="18" count="4" type="stmt"/>
        <line num="35" count="4" type="stmt"/>
        <line num="36" count="4" type="stmt"/>
        <line num="42" count="0" type="stmt"/>
        <line num="43" count="0" type="stmt"/>
        <line num="44" count="0" type="stmt"/>
        <line num="47" count="4" type="stmt"/>
        <line num="48" count="0" type="stmt"/>
        <line num="51" count="0" type="stmt"/>
        <line num="52" count="0" type="stmt"/>
        <line num="303" count="4" type="stmt"/>
      </file>
      <file name="prismaNamespace.ts" path="C:\Users\hpate\projects\volt\backend-volt\src\generated\prisma\internal\prismaNamespace.ts">
        <metrics statements="34" coveredstatements="34" conditionals="0" coveredconditionals="0" methods="0" coveredmethods="0"/>
        <line num="32" count="4" type="stmt"/>
        <line num="35" count="4" type="stmt"/>
        <line num="38" count="4" type="stmt"/>
        <line num="41" count="4" type="stmt"/>
        <line num="44" count="4" type="stmt"/>
        <line num="50" count="4" type="stmt"/>
        <line num="51" count="4" type="stmt"/>
        <line num="52" count="4" type="stmt"/>
        <line num="53" count="4" type="stmt"/>
        <line num="54" count="4" type="stmt"/>
        <line num="62" count="4" type="stmt"/>
        <line num="71" count="4" type="stmt"/>
        <line num="86" count="4" type="stmt"/>
        <line num="104" count="4" type="stmt"/>
        <line num="114" count="4" type="stmt"/>
        <line num="121" count="4" type="stmt"/>
        <line num="128" count="4" type="stmt"/>
        <line num="386" count="4" type="stmt"/>
        <line num="1260" count="4" type="stmt"/>
        <line num="1270" count="4" type="stmt"/>
        <line num="1285" count="4" type="stmt"/>
        <line num="1303" count="4" type="stmt"/>
        <line num="1313" count="4" type="stmt"/>
        <line num="1323" count="4" type="stmt"/>
        <line num="1333" count="4" type="stmt"/>
        <line num="1343" count="4" type="stmt"/>
        <line num="1353" count="4" type="stmt"/>
        <line num="1363" count="4" type="stmt"/>
        <line num="1374" count="4" type="stmt"/>
        <line num="1383" count="4" type="stmt"/>
        <line num="1396" count="4" type="stmt"/>
        <line num="1404" count="4" type="stmt"/>
        <line num="1412" count="4" type="stmt"/>
        <line num="1495" count="4" type="stmt"/>
      </file>
    </package>
    <package name="src.services">
      <metrics statements="103" coveredstatements="103" conditionals="70" coveredconditionals="70" methods="10" coveredmethods="10"/>
      <file name="meal.service.ts" path="C:\Users\hpate\projects\volt\backend-volt\src\services\meal.service.ts">
        <metrics statements="61" coveredstatements="61" conditionals="40" coveredconditionals="40" methods="5" coveredmethods="5"/>
        <line num="8" count="5" type="stmt"/>
        <line num="10" count="5" type="stmt"/>
        <line num="15" count="5" type="cond" truecount="2" falsecount="0"/>
        <line num="16" count="1" type="stmt"/>
        <line num="20" count="4" type="stmt"/>
        <line num="23" count="2" type="stmt"/>
        <line num="25" count="3" type="cond" truecount="2" falsecount="0"/>
        <line num="26" count="1" type="stmt"/>
        <line num="27" count="2" type="cond" truecount="2" falsecount="0"/>
        <line num="28" count="1" type="stmt"/>
        <line num="30" count="1" type="stmt"/>
        <line num="36" count="5" type="stmt"/>
        <line num="38" count="5" type="stmt"/>
        <line num="43" count="5" type="cond" truecount="2" falsecount="0"/>
        <line num="44" count="1" type="stmt"/>
        <line num="48" count="4" type="stmt"/>
        <line num="52" count="2" type="cond" truecount="2" falsecount="0"/>
        <line num="53" count="1" type="stmt"/>
        <line num="56" count="1" type="stmt"/>
        <line num="58" count="4" type="cond" truecount="2" falsecount="0"/>
        <line num="59" count="2" type="stmt"/>
        <line num="60" count="2" type="cond" truecount="2" falsecount="0"/>
        <line num="61" count="1" type="stmt"/>
        <line num="63" count="1" type="stmt"/>
        <line num="74" count="4" type="stmt"/>
        <line num="76" count="4" type="stmt"/>
        <line num="80" count="4" type="cond" truecount="2" falsecount="0"/>
        <line num="81" count="1" type="stmt"/>
        <line num="84" count="3" type="stmt"/>
        <line num="87" count="1" type="stmt"/>
        <line num="89" count="3" type="cond" truecount="2" falsecount="0"/>
        <line num="90" count="1" type="stmt"/>
        <line num="91" count="2" type="cond" truecount="2" falsecount="0"/>
        <line num="92" count="1" type="stmt"/>
        <line num="94" count="1" type="stmt"/>
        <line num="106" count="5" type="stmt"/>
        <line num="108" count="5" type="stmt"/>
        <line num="112" count="5" type="cond" truecount="2" falsecount="0"/>
        <line num="113" count="1" type="stmt"/>
        <line num="116" count="4" type="stmt"/>
        <line num="120" count="1" type="stmt"/>
        <line num="122" count="4" type="cond" truecount="2" falsecount="0"/>
        <line num="126" count="1" type="stmt"/>
        <line num="127" count="3" type="cond" truecount="2" falsecount="0"/>
        <line num="128" count="1" type="stmt"/>
        <line num="129" count="2" type="cond" truecount="2" falsecount="0"/>
        <line num="130" count="1" type="stmt"/>
        <line num="132" count="1" type="stmt"/>
        <line num="139" count="5" type="stmt"/>
        <line num="141" count="5" type="stmt"/>
        <line num="145" count="5" type="cond" truecount="2" falsecount="0"/>
        <line num="146" count="1" type="stmt"/>
        <line num="149" count="4" type="stmt"/>
        <line num="152" count="1" type="stmt"/>
        <line num="154" count="4" type="cond" truecount="2" falsecount="0"/>
        <line num="158" count="1" type="stmt"/>
        <line num="159" count="3" type="cond" truecount="2" falsecount="0"/>
        <line num="160" count="1" type="stmt"/>
        <line num="161" count="2" type="cond" truecount="2" falsecount="0"/>
        <line num="162" count="1" type="stmt"/>
        <line num="164" count="1" type="stmt"/>
      </file>
      <file name="nutrition.service.ts" path="C:\Users\hpate\projects\volt\backend-volt\src\services\nutrition.service.ts">
        <metrics statements="42" coveredstatements="42" conditionals="30" coveredconditionals="30" methods="5" coveredmethods="5"/>
        <line num="11" count="5" type="stmt"/>
        <line num="13" count="5" type="stmt"/>
        <line num="23" count="3" type="stmt"/>
        <line num="25" count="2" type="cond" truecount="2" falsecount="0"/>
        <line num="26" count="1" type="stmt"/>
        <line num="28" count="1" type="stmt"/>
        <line num="34" count="4" type="stmt"/>
        <line num="35" count="4" type="stmt"/>
        <line num="39" count="2" type="cond" truecount="2" falsecount="0"/>
        <line num="40" count="1" type="stmt"/>
        <line num="43" count="1" type="stmt"/>
        <line num="45" count="3" type="cond" truecount="2" falsecount="0"/>
        <line num="46" count="1" type="stmt"/>
        <line num="47" count="2" type="cond" truecount="2" falsecount="0"/>
        <line num="48" count="1" type="stmt"/>
        <line num="50" count="1" type="stmt"/>
        <line num="60" count="4" type="stmt"/>
        <line num="61" count="4" type="stmt"/>
        <line num="64" count="1" type="stmt"/>
        <line num="66" count="3" type="cond" truecount="2" falsecount="0"/>
        <line num="70" count="1" type="stmt"/>
        <line num="73" count="2" type="cond" truecount="2" falsecount="0"/>
        <line num="74" count="1" type="stmt"/>
        <line num="76" count="1" type="stmt"/>
        <line num="90" count="5" type="stmt"/>
        <line num="92" count="5" type="stmt"/>
        <line num="96" count="1" type="stmt"/>
        <line num="98" count="4" type="cond" truecount="2" falsecount="0"/>
        <line num="102" count="1" type="stmt"/>
        <line num="104" count="3" type="cond" truecount="4" falsecount="0"/>
        <line num="107" count="1" type="stmt"/>
        <line num="110" count="2" type="cond" truecount="2" falsecount="0"/>
        <line num="111" count="1" type="stmt"/>
        <line num="113" count="1" type="stmt"/>
        <line num="122" count="4" type="stmt"/>
        <line num="123" count="4" type="stmt"/>
        <line num="126" count="1" type="stmt"/>
        <line num="128" count="3" type="cond" truecount="2" falsecount="0"/>
        <line num="132" count="1" type="stmt"/>
        <line num="133" count="2" type="cond" truecount="2" falsecount="0"/>
        <line num="134" count="1" type="stmt"/>
        <line num="136" count="1" type="stmt"/>
      </file>
    </package>
  </project>
</coverage>
