{"C:\\Users\\hpate\\projects\\volt\\backend-volt\\src\\errors.ts": {"path":"C:\\Users\\hpate\\projects\\volt\\backend-volt\\src\\errors.ts","statementMap":{"0":{"start":{"line":6,"column":4},"end":{"line":6,"column":null}},"1":{"start":{"line":7,"column":4},"end":{"line":7,"column":null}},"2":{"start":{"line":8,"column":4},"end":{"line":8,"column":null}},"3":{"start":{"line":17,"column":4},"end":{"line":17,"column":null}},"4":{"start":{"line":18,"column":4},"end":{"line":18,"column":null}},"5":{"start":{"line":19,"column":4},"end":{"line":19,"column":null}}},"fnMap":{"0":{"name":"(anonymous_0)","decl":{"start":{"line":5,"column":2},"end":{"line":5,"column":14}},"loc":{"start":{"line":5,"column":31},"end":{"line":8,"column":null}},"line":5},"1":{"name":"(anonymous_1)","decl":{"start":{"line":16,"column":2},"end":{"line":16,"column":14}},"loc":{"start":{"line":16,"column":31},"end":{"line":19,"column":null}},"line":16}},"branchMap":{},"s":{"0":22,"1":22,"2":22,"3":4,"4":4,"5":4},"f":{"0":22,"1":4},"b":{},"meta":{"lastBranch":0,"lastFunction":2,"lastStatement":6,"seen":{"f:5:2:5:14":0,"s:6:4:6:Infinity":0,"s:7:4:7:Infinity":1,"s:8:4:8:Infinity":2,"f:16:2:16:14":1,"s:17:4:17:Infinity":3,"s:18:4:18:Infinity":4,"s:19:4:19:Infinity":5}}}
,"C:\\Users\\hpate\\projects\\volt\\backend-volt\\src\\__mocks__\\db.ts": {"path":"C:\\Users\\hpate\\projects\\volt\\backend-volt\\src\\__mocks__\\db.ts","statementMap":{"0":{"start":{"line":4,"column":13},"end":{"line":4,"column":46}}},"fnMap":{},"branchMap":{},"s":{"0":4},"f":{},"b":{},"meta":{"lastBranch":0,"lastFunction":0,"lastStatement":1,"seen":{"s:4:13:4:46":0}}}
,"C:\\Users\\hpate\\projects\\volt\\backend-volt\\src\\controllers\\meal.controller.ts": {"path":"C:\\Users\\hpate\\projects\\volt\\backend-volt\\src\\controllers\\meal.controller.ts","statementMap":{"0":{"start":{"line":7,"column":2},"end":{"line":30,"column":null}},"1":{"start":{"line":8,"column":19},"end":{"line":8,"column":null}},"2":{"start":{"line":9,"column":18},"end":{"line":9,"column":null}},"3":{"start":{"line":12,"column":4},"end":{"line":13,"column":null}},"4":{"start":{"line":13,"column":6},"end":{"line":13,"column":null}},"5":{"start":{"line":17,"column":24},"end":{"line":17,"column":43}},"6":{"start":{"line":18,"column":4},"end":{"line":19,"column":null}},"7":{"start":{"line":19,"column":6},"end":{"line":19,"column":null}},"8":{"start":{"line":22,"column":18},"end":{"line":22,"column":68}},"9":{"start":{"line":23,"column":4},"end":{"line":23,"column":null}},"10":{"start":{"line":25,"column":4},"end":{"line":30,"column":null}},"11":{"start":{"line":26,"column":6},"end":{"line":26,"column":null}},"12":{"start":{"line":27,"column":15},"end":{"line":30,"column":null}},"13":{"start":{"line":28,"column":6},"end":{"line":28,"column":null}},"14":{"start":{"line":30,"column":6},"end":{"line":30,"column":null}},"15":{"start":{"line":36,"column":2},"end":{"line":76,"column":null}},"16":{"start":{"line":37,"column":19},"end":{"line":37,"column":null}},"17":{"start":{"line":38,"column":18},"end":{"line":38,"column":null}},"18":{"start":{"line":39,"column":19},"end":{"line":39,"column":null}},"19":{"start":{"line":42,"column":4},"end":{"line":49,"column":null}},"20":{"start":{"line":49,"column":6},"end":{"line":49,"column":null}},"21":{"start":{"line":53,"column":24},"end":{"line":53,"column":43}},"22":{"start":{"line":54,"column":4},"end":{"line":55,"column":null}},"23":{"start":{"line":55,"column":6},"end":{"line":55,"column":null}},"24":{"start":{"line":59,"column":25},"end":{"line":59,"column":45}},"25":{"start":{"line":60,"column":4},"end":{"line":61,"column":null}},"26":{"start":{"line":61,"column":6},"end":{"line":61,"column":null}},"27":{"start":{"line":64,"column":17},"end":{"line":67,"column":null}},"28":{"start":{"line":69,"column":4},"end":{"line":69,"column":null}},"29":{"start":{"line":71,"column":4},"end":{"line":76,"column":null}},"30":{"start":{"line":72,"column":6},"end":{"line":72,"column":null}},"31":{"start":{"line":73,"column":15},"end":{"line":76,"column":null}},"32":{"start":{"line":74,"column":6},"end":{"line":74,"column":null}},"33":{"start":{"line":76,"column":6},"end":{"line":76,"column":null}},"34":{"start":{"line":83,"column":2},"end":{"line":147,"column":null}},"35":{"start":{"line":84,"column":19},"end":{"line":84,"column":null}},"36":{"start":{"line":85,"column":18},"end":{"line":85,"column":null}},"37":{"start":{"line":86,"column":52},"end":{"line":86,"column":null}},"38":{"start":{"line":89,"column":4},"end":{"line":90,"column":null}},"39":{"start":{"line":90,"column":6},"end":{"line":90,"column":null}},"40":{"start":{"line":94,"column":24},"end":{"line":94,"column":43}},"41":{"start":{"line":95,"column":4},"end":{"line":96,"column":null}},"42":{"start":{"line":96,"column":6},"end":{"line":96,"column":null}},"43":{"start":{"line":100,"column":4},"end":{"line":103,"column":null}},"44":{"start":{"line":101,"column":6},"end":{"line":103,"column":null}},"45":{"start":{"line":106,"column":4},"end":{"line":113,"column":null}},"46":{"start":{"line":111,"column":6},"end":{"line":113,"column":null}},"47":{"start":{"line":116,"column":4},"end":{"line":119,"column":null}},"48":{"start":{"line":117,"column":6},"end":{"line":119,"column":null}},"49":{"start":{"line":122,"column":4},"end":{"line":123,"column":null}},"50":{"start":{"line":123,"column":6},"end":{"line":123,"column":null}},"51":{"start":{"line":126,"column":4},"end":{"line":127,"column":null}},"52":{"start":{"line":127,"column":6},"end":{"line":127,"column":null}},"53":{"start":{"line":130,"column":54},"end":{"line":137,"column":null}},"54":{"start":{"line":139,"column":20},"end":{"line":139,"column":79}},"55":{"start":{"line":140,"column":4},"end":{"line":140,"column":null}},"56":{"start":{"line":142,"column":4},"end":{"line":147,"column":null}},"57":{"start":{"line":143,"column":6},"end":{"line":143,"column":null}},"58":{"start":{"line":145,"column":6},"end":{"line":147,"column":null}},"59":{"start":{"line":154,"column":2},"end":{"line":255,"column":null}},"60":{"start":{"line":155,"column":19},"end":{"line":155,"column":null}},"61":{"start":{"line":156,"column":18},"end":{"line":156,"column":null}},"62":{"start":{"line":157,"column":19},"end":{"line":157,"column":null}},"63":{"start":{"line":159,"column":52},"end":{"line":159,"column":null}},"64":{"start":{"line":162,"column":4},"end":{"line":169,"column":null}},"65":{"start":{"line":169,"column":6},"end":{"line":169,"column":null}},"66":{"start":{"line":173,"column":24},"end":{"line":173,"column":43}},"67":{"start":{"line":174,"column":4},"end":{"line":175,"column":null}},"68":{"start":{"line":175,"column":6},"end":{"line":175,"column":null}},"69":{"start":{"line":179,"column":25},"end":{"line":179,"column":45}},"70":{"start":{"line":180,"column":4},"end":{"line":181,"column":null}},"71":{"start":{"line":181,"column":6},"end":{"line":181,"column":null}},"72":{"start":{"line":185,"column":54},"end":{"line":185,"column":56}},"73":{"start":{"line":188,"column":4},"end":{"line":194,"column":null}},"74":{"start":{"line":189,"column":6},"end":{"line":192,"column":null}},"75":{"start":{"line":190,"column":8},"end":{"line":192,"column":null}},"76":{"start":{"line":194,"column":6},"end":{"line":194,"column":null}},"77":{"start":{"line":197,"column":4},"end":{"line":203,"column":null}},"78":{"start":{"line":198,"column":6},"end":{"line":201,"column":null}},"79":{"start":{"line":199,"column":8},"end":{"line":201,"column":null}},"80":{"start":{"line":203,"column":6},"end":{"line":203,"column":null}},"81":{"start":{"line":206,"column":4},"end":{"line":212,"column":null}},"82":{"start":{"line":207,"column":6},"end":{"line":210,"column":null}},"83":{"start":{"line":208,"column":8},"end":{"line":210,"column":null}},"84":{"start":{"line":212,"column":6},"end":{"line":212,"column":null}},"85":{"start":{"line":215,"column":4},"end":{"line":221,"column":null}},"86":{"start":{"line":216,"column":6},"end":{"line":219,"column":null}},"87":{"start":{"line":217,"column":8},"end":{"line":219,"column":null}},"88":{"start":{"line":221,"column":6},"end":{"line":221,"column":null}},"89":{"start":{"line":224,"column":4},"end":{"line":230,"column":null}},"90":{"start":{"line":225,"column":6},"end":{"line":228,"column":null}},"91":{"start":{"line":226,"column":8},"end":{"line":228,"column":null}},"92":{"start":{"line":230,"column":6},"end":{"line":230,"column":null}},"93":{"start":{"line":234,"column":4},"end":{"line":237,"column":null}},"94":{"start":{"line":235,"column":6},"end":{"line":237,"column":null}},"95":{"start":{"line":240,"column":24},"end":{"line":244,"column":null}},"96":{"start":{"line":246,"column":4},"end":{"line":246,"column":null}},"97":{"start":{"line":248,"column":4},"end":{"line":255,"column":null}},"98":{"start":{"line":249,"column":6},"end":{"line":249,"column":null}},"99":{"start":{"line":250,"column":15},"end":{"line":255,"column":null}},"100":{"start":{"line":251,"column":6},"end":{"line":251,"column":null}},"101":{"start":{"line":253,"column":6},"end":{"line":255,"column":null}},"102":{"start":{"line":262,"column":2},"end":{"line":300,"column":null}},"103":{"start":{"line":263,"column":19},"end":{"line":263,"column":null}},"104":{"start":{"line":264,"column":18},"end":{"line":264,"column":null}},"105":{"start":{"line":265,"column":19},"end":{"line":265,"column":null}},"106":{"start":{"line":268,"column":4},"end":{"line":275,"column":null}},"107":{"start":{"line":275,"column":6},"end":{"line":275,"column":null}},"108":{"start":{"line":279,"column":24},"end":{"line":279,"column":43}},"109":{"start":{"line":280,"column":4},"end":{"line":281,"column":null}},"110":{"start":{"line":281,"column":6},"end":{"line":281,"column":null}},"111":{"start":{"line":285,"column":25},"end":{"line":285,"column":45}},"112":{"start":{"line":286,"column":4},"end":{"line":287,"column":null}},"113":{"start":{"line":287,"column":6},"end":{"line":287,"column":null}},"114":{"start":{"line":290,"column":4},"end":{"line":290,"column":null}},"115":{"start":{"line":291,"column":4},"end":{"line":291,"column":null}},"116":{"start":{"line":293,"column":4},"end":{"line":300,"column":null}},"117":{"start":{"line":294,"column":6},"end":{"line":294,"column":null}},"118":{"start":{"line":295,"column":15},"end":{"line":300,"column":null}},"119":{"start":{"line":296,"column":6},"end":{"line":296,"column":null}},"120":{"start":{"line":298,"column":6},"end":{"line":300,"column":null}}},"fnMap":{"0":{"name":"getAllMeals","decl":{"start":{"line":6,"column":15},"end":{"line":6,"column":27}},"loc":{"start":{"line":6,"column":56},"end":{"line":30,"column":null}},"line":6},"1":{"name":"getMealById","decl":{"start":{"line":35,"column":15},"end":{"line":35,"column":27}},"loc":{"start":{"line":35,"column":56},"end":{"line":76,"column":null}},"line":35},"2":{"name":"createMeal","decl":{"start":{"line":82,"column":15},"end":{"line":82,"column":26}},"loc":{"start":{"line":82,"column":55},"end":{"line":147,"column":null}},"line":82},"3":{"name":"updateMeal","decl":{"start":{"line":153,"column":15},"end":{"line":153,"column":26}},"loc":{"start":{"line":153,"column":55},"end":{"line":255,"column":null}},"line":153},"4":{"name":"deleteMeal","decl":{"start":{"line":261,"column":15},"end":{"line":261,"column":26}},"loc":{"start":{"line":261,"column":55},"end":{"line":300,"column":null}},"line":261}},"branchMap":{"0":{"loc":{"start":{"line":12,"column":4},"end":{"line":13,"column":null}},"type":"if","locations":[{"start":{"line":12,"column":4},"end":{"line":13,"column":null}},{"start":{},"end":{}}],"line":12},"1":{"loc":{"start":{"line":12,"column":8},"end":{"line":12,"column":56}},"type":"binary-expr","locations":[{"start":{"line":12,"column":8},"end":{"line":12,"column":19}},{"start":{"line":12,"column":19},"end":{"line":12,"column":29}},{"start":{"line":12,"column":29},"end":{"line":12,"column":56}}],"line":12},"2":{"loc":{"start":{"line":18,"column":4},"end":{"line":19,"column":null}},"type":"if","locations":[{"start":{"line":18,"column":4},"end":{"line":19,"column":null}},{"start":{},"end":{}}],"line":18},"3":{"loc":{"start":{"line":25,"column":4},"end":{"line":30,"column":null}},"type":"if","locations":[{"start":{"line":25,"column":4},"end":{"line":30,"column":null}},{"start":{"line":27,"column":15},"end":{"line":30,"column":null}}],"line":25},"4":{"loc":{"start":{"line":27,"column":15},"end":{"line":30,"column":null}},"type":"if","locations":[{"start":{"line":27,"column":15},"end":{"line":30,"column":null}},{"start":{"line":29,"column":11},"end":{"line":30,"column":null}}],"line":27},"5":{"loc":{"start":{"line":42,"column":4},"end":{"line":49,"column":null}},"type":"if","locations":[{"start":{"line":42,"column":4},"end":{"line":49,"column":null}},{"start":{},"end":{}}],"line":42},"6":{"loc":{"start":{"line":43,"column":6},"end":{"line":47,"column":null}},"type":"binary-expr","locations":[{"start":{"line":43,"column":6},"end":{"line":43,"column":null}},{"start":{"line":44,"column":6},"end":{"line":44,"column":null}},{"start":{"line":45,"column":6},"end":{"line":45,"column":null}},{"start":{"line":46,"column":6},"end":{"line":46,"column":null}},{"start":{"line":47,"column":6},"end":{"line":47,"column":null}}],"line":43},"7":{"loc":{"start":{"line":54,"column":4},"end":{"line":55,"column":null}},"type":"if","locations":[{"start":{"line":54,"column":4},"end":{"line":55,"column":null}},{"start":{},"end":{}}],"line":54},"8":{"loc":{"start":{"line":60,"column":4},"end":{"line":61,"column":null}},"type":"if","locations":[{"start":{"line":60,"column":4},"end":{"line":61,"column":null}},{"start":{},"end":{}}],"line":60},"9":{"loc":{"start":{"line":71,"column":4},"end":{"line":76,"column":null}},"type":"if","locations":[{"start":{"line":71,"column":4},"end":{"line":76,"column":null}},{"start":{"line":73,"column":15},"end":{"line":76,"column":null}}],"line":71},"10":{"loc":{"start":{"line":73,"column":15},"end":{"line":76,"column":null}},"type":"if","locations":[{"start":{"line":73,"column":15},"end":{"line":76,"column":null}},{"start":{"line":75,"column":11},"end":{"line":76,"column":null}}],"line":73},"11":{"loc":{"start":{"line":89,"column":4},"end":{"line":90,"column":null}},"type":"if","locations":[{"start":{"line":89,"column":4},"end":{"line":90,"column":null}},{"start":{},"end":{}}],"line":89},"12":{"loc":{"start":{"line":89,"column":8},"end":{"line":89,"column":56}},"type":"binary-expr","locations":[{"start":{"line":89,"column":8},"end":{"line":89,"column":19}},{"start":{"line":89,"column":19},"end":{"line":89,"column":29}},{"start":{"line":89,"column":29},"end":{"line":89,"column":56}}],"line":89},"13":{"loc":{"start":{"line":95,"column":4},"end":{"line":96,"column":null}},"type":"if","locations":[{"start":{"line":95,"column":4},"end":{"line":96,"column":null}},{"start":{},"end":{}}],"line":95},"14":{"loc":{"start":{"line":100,"column":4},"end":{"line":103,"column":null}},"type":"if","locations":[{"start":{"line":100,"column":4},"end":{"line":103,"column":null}},{"start":{},"end":{}}],"line":100},"15":{"loc":{"start":{"line":100,"column":8},"end":{"line":100,"column":75}},"type":"binary-expr","locations":[{"start":{"line":100,"column":8},"end":{"line":100,"column":30}},{"start":{"line":100,"column":30},"end":{"line":100,"column":58}},{"start":{"line":100,"column":58},"end":{"line":100,"column":75}}],"line":100},"16":{"loc":{"start":{"line":106,"column":4},"end":{"line":113,"column":null}},"type":"if","locations":[{"start":{"line":106,"column":4},"end":{"line":113,"column":null}},{"start":{},"end":{}}],"line":106},"17":{"loc":{"start":{"line":107,"column":6},"end":{"line":109,"column":null}},"type":"binary-expr","locations":[{"start":{"line":107,"column":6},"end":{"line":107,"column":null}},{"start":{"line":108,"column":6},"end":{"line":108,"column":null}},{"start":{"line":109,"column":6},"end":{"line":109,"column":null}}],"line":107},"18":{"loc":{"start":{"line":116,"column":4},"end":{"line":119,"column":null}},"type":"if","locations":[{"start":{"line":116,"column":4},"end":{"line":119,"column":null}},{"start":{},"end":{}}],"line":116},"19":{"loc":{"start":{"line":116,"column":8},"end":{"line":116,"column":77}},"type":"binary-expr","locations":[{"start":{"line":116,"column":8},"end":{"line":116,"column":33}},{"start":{"line":116,"column":33},"end":{"line":116,"column":64}},{"start":{"line":116,"column":64},"end":{"line":116,"column":77}}],"line":116},"20":{"loc":{"start":{"line":122,"column":4},"end":{"line":123,"column":null}},"type":"if","locations":[{"start":{"line":122,"column":4},"end":{"line":123,"column":null}},{"start":{},"end":{}}],"line":122},"21":{"loc":{"start":{"line":122,"column":8},"end":{"line":122,"column":71}},"type":"binary-expr","locations":[{"start":{"line":122,"column":8},"end":{"line":122,"column":31}},{"start":{"line":122,"column":31},"end":{"line":122,"column":60}},{"start":{"line":122,"column":60},"end":{"line":122,"column":71}}],"line":122},"22":{"loc":{"start":{"line":126,"column":4},"end":{"line":127,"column":null}},"type":"if","locations":[{"start":{"line":126,"column":4},"end":{"line":127,"column":null}},{"start":{},"end":{}}],"line":126},"23":{"loc":{"start":{"line":126,"column":8},"end":{"line":126,"column":65}},"type":"binary-expr","locations":[{"start":{"line":126,"column":8},"end":{"line":126,"column":29}},{"start":{"line":126,"column":29},"end":{"line":126,"column":56}},{"start":{"line":126,"column":56},"end":{"line":126,"column":65}}],"line":126},"24":{"loc":{"start":{"line":142,"column":4},"end":{"line":147,"column":null}},"type":"if","locations":[{"start":{"line":142,"column":4},"end":{"line":147,"column":null}},{"start":{"line":144,"column":11},"end":{"line":147,"column":null}}],"line":142},"25":{"loc":{"start":{"line":162,"column":4},"end":{"line":169,"column":null}},"type":"if","locations":[{"start":{"line":162,"column":4},"end":{"line":169,"column":null}},{"start":{},"end":{}}],"line":162},"26":{"loc":{"start":{"line":163,"column":6},"end":{"line":167,"column":null}},"type":"binary-expr","locations":[{"start":{"line":163,"column":6},"end":{"line":163,"column":null}},{"start":{"line":164,"column":6},"end":{"line":164,"column":null}},{"start":{"line":165,"column":6},"end":{"line":165,"column":null}},{"start":{"line":166,"column":6},"end":{"line":166,"column":null}},{"start":{"line":167,"column":6},"end":{"line":167,"column":null}}],"line":163},"27":{"loc":{"start":{"line":174,"column":4},"end":{"line":175,"column":null}},"type":"if","locations":[{"start":{"line":174,"column":4},"end":{"line":175,"column":null}},{"start":{},"end":{}}],"line":174},"28":{"loc":{"start":{"line":180,"column":4},"end":{"line":181,"column":null}},"type":"if","locations":[{"start":{"line":180,"column":4},"end":{"line":181,"column":null}},{"start":{},"end":{}}],"line":180},"29":{"loc":{"start":{"line":188,"column":4},"end":{"line":194,"column":null}},"type":"if","locations":[{"start":{"line":188,"column":4},"end":{"line":194,"column":null}},{"start":{},"end":{}}],"line":188},"30":{"loc":{"start":{"line":189,"column":6},"end":{"line":192,"column":null}},"type":"if","locations":[{"start":{"line":189,"column":6},"end":{"line":192,"column":null}},{"start":{},"end":{}}],"line":189},"31":{"loc":{"start":{"line":189,"column":10},"end":{"line":189,"column":55}},"type":"binary-expr","locations":[{"start":{"line":189,"column":10},"end":{"line":189,"column":38}},{"start":{"line":189,"column":38},"end":{"line":189,"column":55}}],"line":189},"32":{"loc":{"start":{"line":197,"column":4},"end":{"line":203,"column":null}},"type":"if","locations":[{"start":{"line":197,"column":4},"end":{"line":203,"column":null}},{"start":{},"end":{}}],"line":197},"33":{"loc":{"start":{"line":198,"column":6},"end":{"line":201,"column":null}},"type":"if","locations":[{"start":{"line":198,"column":6},"end":{"line":201,"column":null}},{"start":{},"end":{}}],"line":198},"34":{"loc":{"start":{"line":198,"column":10},"end":{"line":198,"column":56}},"type":"binary-expr","locations":[{"start":{"line":198,"column":10},"end":{"line":198,"column":42}},{"start":{"line":198,"column":42},"end":{"line":198,"column":56}}],"line":198},"35":{"loc":{"start":{"line":206,"column":4},"end":{"line":212,"column":null}},"type":"if","locations":[{"start":{"line":206,"column":4},"end":{"line":212,"column":null}},{"start":{},"end":{}}],"line":206},"36":{"loc":{"start":{"line":207,"column":6},"end":{"line":210,"column":null}},"type":"if","locations":[{"start":{"line":207,"column":6},"end":{"line":210,"column":null}},{"start":{},"end":{}}],"line":207},"37":{"loc":{"start":{"line":207,"column":10},"end":{"line":207,"column":50}},"type":"binary-expr","locations":[{"start":{"line":207,"column":10},"end":{"line":207,"column":39}},{"start":{"line":207,"column":39},"end":{"line":207,"column":50}}],"line":207},"38":{"loc":{"start":{"line":215,"column":4},"end":{"line":221,"column":null}},"type":"if","locations":[{"start":{"line":215,"column":4},"end":{"line":221,"column":null}},{"start":{},"end":{}}],"line":215},"39":{"loc":{"start":{"line":216,"column":6},"end":{"line":219,"column":null}},"type":"if","locations":[{"start":{"line":216,"column":6},"end":{"line":219,"column":null}},{"start":{},"end":{}}],"line":216},"40":{"loc":{"start":{"line":216,"column":10},"end":{"line":216,"column":54}},"type":"binary-expr","locations":[{"start":{"line":216,"column":10},"end":{"line":216,"column":41}},{"start":{"line":216,"column":41},"end":{"line":216,"column":54}}],"line":216},"41":{"loc":{"start":{"line":224,"column":4},"end":{"line":230,"column":null}},"type":"if","locations":[{"start":{"line":224,"column":4},"end":{"line":230,"column":null}},{"start":{},"end":{}}],"line":224},"42":{"loc":{"start":{"line":225,"column":6},"end":{"line":228,"column":null}},"type":"if","locations":[{"start":{"line":225,"column":6},"end":{"line":228,"column":null}},{"start":{},"end":{}}],"line":225},"43":{"loc":{"start":{"line":225,"column":10},"end":{"line":225,"column":46}},"type":"binary-expr","locations":[{"start":{"line":225,"column":10},"end":{"line":225,"column":37}},{"start":{"line":225,"column":37},"end":{"line":225,"column":46}}],"line":225},"44":{"loc":{"start":{"line":234,"column":4},"end":{"line":237,"column":null}},"type":"if","locations":[{"start":{"line":234,"column":4},"end":{"line":237,"column":null}},{"start":{},"end":{}}],"line":234},"45":{"loc":{"start":{"line":248,"column":4},"end":{"line":255,"column":null}},"type":"if","locations":[{"start":{"line":248,"column":4},"end":{"line":255,"column":null}},{"start":{"line":250,"column":15},"end":{"line":255,"column":null}}],"line":248},"46":{"loc":{"start":{"line":250,"column":15},"end":{"line":255,"column":null}},"type":"if","locations":[{"start":{"line":250,"column":15},"end":{"line":255,"column":null}},{"start":{"line":252,"column":11},"end":{"line":255,"column":null}}],"line":250},"47":{"loc":{"start":{"line":268,"column":4},"end":{"line":275,"column":null}},"type":"if","locations":[{"start":{"line":268,"column":4},"end":{"line":275,"column":null}},{"start":{},"end":{}}],"line":268},"48":{"loc":{"start":{"line":269,"column":6},"end":{"line":273,"column":null}},"type":"binary-expr","locations":[{"start":{"line":269,"column":6},"end":{"line":269,"column":null}},{"start":{"line":270,"column":6},"end":{"line":270,"column":null}},{"start":{"line":271,"column":6},"end":{"line":271,"column":null}},{"start":{"line":272,"column":6},"end":{"line":272,"column":null}},{"start":{"line":273,"column":6},"end":{"line":273,"column":null}}],"line":269},"49":{"loc":{"start":{"line":280,"column":4},"end":{"line":281,"column":null}},"type":"if","locations":[{"start":{"line":280,"column":4},"end":{"line":281,"column":null}},{"start":{},"end":{}}],"line":280},"50":{"loc":{"start":{"line":286,"column":4},"end":{"line":287,"column":null}},"type":"if","locations":[{"start":{"line":286,"column":4},"end":{"line":287,"column":null}},{"start":{},"end":{}}],"line":286},"51":{"loc":{"start":{"line":293,"column":4},"end":{"line":300,"column":null}},"type":"if","locations":[{"start":{"line":293,"column":4},"end":{"line":300,"column":null}},{"start":{"line":295,"column":15},"end":{"line":300,"column":null}}],"line":293},"52":{"loc":{"start":{"line":295,"column":15},"end":{"line":300,"column":null}},"type":"if","locations":[{"start":{"line":295,"column":15},"end":{"line":300,"column":null}},{"start":{"line":297,"column":11},"end":{"line":300,"column":null}}],"line":295}},"s":{"0":9,"1":9,"2":9,"3":9,"4":3,"5":6,"6":6,"7":1,"8":5,"9":2,"10":3,"11":1,"12":2,"13":1,"14":1,"15":12,"16":12,"17":12,"18":12,"19":12,"20":5,"21":7,"22":7,"23":1,"24":6,"25":6,"26":1,"27":5,"28":1,"29":4,"30":2,"31":2,"32":1,"33":1,"34":27,"35":27,"36":27,"37":27,"38":27,"39":3,"40":24,"41":24,"42":1,"43":23,"44":3,"45":20,"46":4,"47":16,"48":4,"49":12,"50":4,"51":8,"52":4,"53":4,"54":4,"55":1,"56":3,"57":2,"58":1,"59":23,"60":23,"61":23,"62":23,"63":23,"64":23,"65":3,"66":20,"67":20,"68":1,"69":19,"70":19,"71":1,"72":18,"73":18,"74":8,"75":2,"76":6,"77":16,"78":4,"79":2,"80":2,"81":14,"82":3,"83":2,"84":1,"85":12,"86":4,"87":2,"88":2,"89":10,"90":3,"91":2,"92":1,"93":8,"94":1,"95":7,"96":3,"97":4,"98":2,"99":2,"100":1,"101":1,"102":12,"103":12,"104":12,"105":12,"106":12,"107":5,"108":7,"109":7,"110":1,"111":6,"112":6,"113":1,"114":5,"115":1,"116":4,"117":2,"118":2,"119":1,"120":1},"f":{"0":9,"1":12,"2":27,"3":23,"4":12},"b":{"0":[3,6],"1":[9,8,7],"2":[1,5],"3":[1,2],"4":[1,1],"5":[5,7],"6":[12,11,10,7,7],"7":[1,6],"8":[1,5],"9":[2,2],"10":[1,1],"11":[3,24],"12":[27,26,25],"13":[1,23],"14":[3,20],"15":[23,22,21],"16":[4,16],"17":[20,19,18],"18":[4,12],"19":[16,15,14],"20":[4,8],"21":[12,11,10],"22":[4,4],"23":[8,7,6],"24":[2,1],"25":[3,20],"26":[23,22,21,20,20],"27":[1,19],"28":[1,18],"29":[8,10],"30":[2,6],"31":[8,7],"32":[4,12],"33":[2,2],"34":[4,3],"35":[3,11],"36":[2,1],"37":[3,2],"38":[4,8],"39":[2,2],"40":[4,3],"41":[3,7],"42":[2,1],"43":[3,2],"44":[1,7],"45":[2,2],"46":[1,1],"47":[5,7],"48":[12,11,10,9,8],"49":[1,6],"50":[1,5],"51":[2,2],"52":[1,1]},"meta":{"lastBranch":53,"lastFunction":5,"lastStatement":121,"seen":{"f:6:15:6:27":0,"s:7:2:30:Infinity":0,"s:8:19:8:Infinity":1,"s:9:18:9:Infinity":2,"b:12:4:13:Infinity:undefined:undefined:undefined:undefined":0,"s:12:4:13:Infinity":3,"b:12:8:12:19:12:19:12:29:12:29:12:56":1,"s:13:6:13:Infinity":4,"s:17:24:17:43":5,"b:18:4:19:Infinity:undefined:undefined:undefined:undefined":2,"s:18:4:19:Infinity":6,"s:19:6:19:Infinity":7,"s:22:18:22:68":8,"s:23:4:23:Infinity":9,"b:25:4:30:Infinity:27:15:30:Infinity":3,"s:25:4:30:Infinity":10,"s:26:6:26:Infinity":11,"b:27:15:30:Infinity:29:11:30:Infinity":4,"s:27:15:30:Infinity":12,"s:28:6:28:Infinity":13,"s:30:6:30:Infinity":14,"f:35:15:35:27":1,"s:36:2:76:Infinity":15,"s:37:19:37:Infinity":16,"s:38:18:38:Infinity":17,"s:39:19:39:Infinity":18,"b:42:4:49:Infinity:undefined:undefined:undefined:undefined":5,"s:42:4:49:Infinity":19,"b:43:6:43:Infinity:44:6:44:Infinity:45:6:45:Infinity:46:6:46:Infinity:47:6:47:Infinity":6,"s:49:6:49:Infinity":20,"s:53:24:53:43":21,"b:54:4:55:Infinity:undefined:undefined:undefined:undefined":7,"s:54:4:55:Infinity":22,"s:55:6:55:Infinity":23,"s:59:25:59:45":24,"b:60:4:61:Infinity:undefined:undefined:undefined:undefined":8,"s:60:4:61:Infinity":25,"s:61:6:61:Infinity":26,"s:64:17:67:Infinity":27,"s:69:4:69:Infinity":28,"b:71:4:76:Infinity:73:15:76:Infinity":9,"s:71:4:76:Infinity":29,"s:72:6:72:Infinity":30,"b:73:15:76:Infinity:75:11:76:Infinity":10,"s:73:15:76:Infinity":31,"s:74:6:74:Infinity":32,"s:76:6:76:Infinity":33,"f:82:15:82:26":2,"s:83:2:147:Infinity":34,"s:84:19:84:Infinity":35,"s:85:18:85:Infinity":36,"s:86:52:86:Infinity":37,"b:89:4:90:Infinity:undefined:undefined:undefined:undefined":11,"s:89:4:90:Infinity":38,"b:89:8:89:19:89:19:89:29:89:29:89:56":12,"s:90:6:90:Infinity":39,"s:94:24:94:43":40,"b:95:4:96:Infinity:undefined:undefined:undefined:undefined":13,"s:95:4:96:Infinity":41,"s:96:6:96:Infinity":42,"b:100:4:103:Infinity:undefined:undefined:undefined:undefined":14,"s:100:4:103:Infinity":43,"b:100:8:100:30:100:30:100:58:100:58:100:75":15,"s:101:6:103:Infinity":44,"b:106:4:113:Infinity:undefined:undefined:undefined:undefined":16,"s:106:4:113:Infinity":45,"b:107:6:107:Infinity:108:6:108:Infinity:109:6:109:Infinity":17,"s:111:6:113:Infinity":46,"b:116:4:119:Infinity:undefined:undefined:undefined:undefined":18,"s:116:4:119:Infinity":47,"b:116:8:116:33:116:33:116:64:116:64:116:77":19,"s:117:6:119:Infinity":48,"b:122:4:123:Infinity:undefined:undefined:undefined:undefined":20,"s:122:4:123:Infinity":49,"b:122:8:122:31:122:31:122:60:122:60:122:71":21,"s:123:6:123:Infinity":50,"b:126:4:127:Infinity:undefined:undefined:undefined:undefined":22,"s:126:4:127:Infinity":51,"b:126:8:126:29:126:29:126:56:126:56:126:65":23,"s:127:6:127:Infinity":52,"s:130:54:137:Infinity":53,"s:139:20:139:79":54,"s:140:4:140:Infinity":55,"b:142:4:147:Infinity:144:11:147:Infinity":24,"s:142:4:147:Infinity":56,"s:143:6:143:Infinity":57,"s:145:6:147:Infinity":58,"f:153:15:153:26":3,"s:154:2:255:Infinity":59,"s:155:19:155:Infinity":60,"s:156:18:156:Infinity":61,"s:157:19:157:Infinity":62,"s:159:52:159:Infinity":63,"b:162:4:169:Infinity:undefined:undefined:undefined:undefined":25,"s:162:4:169:Infinity":64,"b:163:6:163:Infinity:164:6:164:Infinity:165:6:165:Infinity:166:6:166:Infinity:167:6:167:Infinity":26,"s:169:6:169:Infinity":65,"s:173:24:173:43":66,"b:174:4:175:Infinity:undefined:undefined:undefined:undefined":27,"s:174:4:175:Infinity":67,"s:175:6:175:Infinity":68,"s:179:25:179:45":69,"b:180:4:181:Infinity:undefined:undefined:undefined:undefined":28,"s:180:4:181:Infinity":70,"s:181:6:181:Infinity":71,"s:185:54:185:56":72,"b:188:4:194:Infinity:undefined:undefined:undefined:undefined":29,"s:188:4:194:Infinity":73,"b:189:6:192:Infinity:undefined:undefined:undefined:undefined":30,"s:189:6:192:Infinity":74,"b:189:10:189:38:189:38:189:55":31,"s:190:8:192:Infinity":75,"s:194:6:194:Infinity":76,"b:197:4:203:Infinity:undefined:undefined:undefined:undefined":32,"s:197:4:203:Infinity":77,"b:198:6:201:Infinity:undefined:undefined:undefined:undefined":33,"s:198:6:201:Infinity":78,"b:198:10:198:42:198:42:198:56":34,"s:199:8:201:Infinity":79,"s:203:6:203:Infinity":80,"b:206:4:212:Infinity:undefined:undefined:undefined:undefined":35,"s:206:4:212:Infinity":81,"b:207:6:210:Infinity:undefined:undefined:undefined:undefined":36,"s:207:6:210:Infinity":82,"b:207:10:207:39:207:39:207:50":37,"s:208:8:210:Infinity":83,"s:212:6:212:Infinity":84,"b:215:4:221:Infinity:undefined:undefined:undefined:undefined":38,"s:215:4:221:Infinity":85,"b:216:6:219:Infinity:undefined:undefined:undefined:undefined":39,"s:216:6:219:Infinity":86,"b:216:10:216:41:216:41:216:54":40,"s:217:8:219:Infinity":87,"s:221:6:221:Infinity":88,"b:224:4:230:Infinity:undefined:undefined:undefined:undefined":41,"s:224:4:230:Infinity":89,"b:225:6:228:Infinity:undefined:undefined:undefined:undefined":42,"s:225:6:228:Infinity":90,"b:225:10:225:37:225:37:225:46":43,"s:226:8:228:Infinity":91,"s:230:6:230:Infinity":92,"b:234:4:237:Infinity:undefined:undefined:undefined:undefined":44,"s:234:4:237:Infinity":93,"s:235:6:237:Infinity":94,"s:240:24:244:Infinity":95,"s:246:4:246:Infinity":96,"b:248:4:255:Infinity:250:15:255:Infinity":45,"s:248:4:255:Infinity":97,"s:249:6:249:Infinity":98,"b:250:15:255:Infinity:252:11:255:Infinity":46,"s:250:15:255:Infinity":99,"s:251:6:251:Infinity":100,"s:253:6:255:Infinity":101,"f:261:15:261:26":4,"s:262:2:300:Infinity":102,"s:263:19:263:Infinity":103,"s:264:18:264:Infinity":104,"s:265:19:265:Infinity":105,"b:268:4:275:Infinity:undefined:undefined:undefined:undefined":47,"s:268:4:275:Infinity":106,"b:269:6:269:Infinity:270:6:270:Infinity:271:6:271:Infinity:272:6:272:Infinity:273:6:273:Infinity":48,"s:275:6:275:Infinity":107,"s:279:24:279:43":108,"b:280:4:281:Infinity:undefined:undefined:undefined:undefined":49,"s:280:4:281:Infinity":109,"s:281:6:281:Infinity":110,"s:285:25:285:45":111,"b:286:4:287:Infinity:undefined:undefined:undefined:undefined":50,"s:286:4:287:Infinity":112,"s:287:6:287:Infinity":113,"s:290:4:290:Infinity":114,"s:291:4:291:Infinity":115,"b:293:4:300:Infinity:295:15:300:Infinity":51,"s:293:4:300:Infinity":116,"s:294:6:294:Infinity":117,"b:295:15:300:Infinity:297:11:300:Infinity":52,"s:295:15:300:Infinity":118,"s:296:6:296:Infinity":119,"s:298:6:300:Infinity":120}}}
,"C:\\Users\\hpate\\projects\\volt\\backend-volt\\src\\controllers\\nutrition.controller.ts": {"path":"C:\\Users\\hpate\\projects\\volt\\backend-volt\\src\\controllers\\nutrition.controller.ts","statementMap":{"0":{"start":{"line":9,"column":2},"end":{"line":40,"column":null}},"1":{"start":{"line":10,"column":19},"end":{"line":10,"column":null}},"2":{"start":{"line":11,"column":17},"end":{"line":11,"column":null}},"3":{"start":{"line":12,"column":18},"end":{"line":12,"column":null}},"4":{"start":{"line":15,"column":4},"end":{"line":16,"column":null}},"5":{"start":{"line":16,"column":6},"end":{"line":16,"column":null}},"6":{"start":{"line":20,"column":20},"end":{"line":20,"column":38}},"7":{"start":{"line":21,"column":21},"end":{"line":21,"column":40}},"8":{"start":{"line":24,"column":4},"end":{"line":27,"column":null}},"9":{"start":{"line":25,"column":6},"end":{"line":27,"column":null}},"10":{"start":{"line":30,"column":26},"end":{"line":33,"column":null}},"11":{"start":{"line":35,"column":4},"end":{"line":35,"column":null}},"12":{"start":{"line":37,"column":4},"end":{"line":40,"column":null}},"13":{"start":{"line":38,"column":6},"end":{"line":38,"column":null}},"14":{"start":{"line":40,"column":6},"end":{"line":40,"column":null}},"15":{"start":{"line":47,"column":2},"end":{"line":75,"column":null}},"16":{"start":{"line":48,"column":19},"end":{"line":48,"column":null}},"17":{"start":{"line":49,"column":18},"end":{"line":49,"column":null}},"18":{"start":{"line":52,"column":4},"end":{"line":53,"column":null}},"19":{"start":{"line":53,"column":6},"end":{"line":53,"column":null}},"20":{"start":{"line":57,"column":24},"end":{"line":57,"column":43}},"21":{"start":{"line":58,"column":4},"end":{"line":59,"column":null}},"22":{"start":{"line":59,"column":6},"end":{"line":59,"column":null}},"23":{"start":{"line":63,"column":25},"end":{"line":65,"column":null}},"24":{"start":{"line":68,"column":4},"end":{"line":68,"column":null}},"25":{"start":{"line":70,"column":4},"end":{"line":75,"column":null}},"26":{"start":{"line":71,"column":6},"end":{"line":71,"column":null}},"27":{"start":{"line":72,"column":15},"end":{"line":75,"column":null}},"28":{"start":{"line":73,"column":6},"end":{"line":73,"column":null}},"29":{"start":{"line":75,"column":6},"end":{"line":75,"column":null}},"30":{"start":{"line":81,"column":2},"end":{"line":113,"column":null}},"31":{"start":{"line":82,"column":19},"end":{"line":82,"column":null}},"32":{"start":{"line":83,"column":21},"end":{"line":83,"column":null}},"33":{"start":{"line":86,"column":4},"end":{"line":87,"column":null}},"34":{"start":{"line":87,"column":6},"end":{"line":87,"column":null}},"35":{"start":{"line":90,"column":4},"end":{"line":91,"column":null}},"36":{"start":{"line":91,"column":6},"end":{"line":91,"column":null}},"37":{"start":{"line":94,"column":4},"end":{"line":95,"column":null}},"38":{"start":{"line":95,"column":6},"end":{"line":95,"column":null}},"39":{"start":{"line":97,"column":20},"end":{"line":97,"column":48}},"40":{"start":{"line":99,"column":61},"end":{"line":102,"column":null}},"41":{"start":{"line":105,"column":28},"end":{"line":105,"column":78}},"42":{"start":{"line":106,"column":4},"end":{"line":106,"column":null}},"43":{"start":{"line":108,"column":4},"end":{"line":113,"column":null}},"44":{"start":{"line":109,"column":6},"end":{"line":109,"column":null}},"45":{"start":{"line":110,"column":15},"end":{"line":113,"column":null}},"46":{"start":{"line":111,"column":6},"end":{"line":111,"column":null}},"47":{"start":{"line":113,"column":6},"end":{"line":113,"column":null}},"48":{"start":{"line":119,"column":2},"end":{"line":165,"column":null}},"49":{"start":{"line":120,"column":19},"end":{"line":120,"column":null}},"50":{"start":{"line":121,"column":18},"end":{"line":121,"column":null}},"51":{"start":{"line":122,"column":21},"end":{"line":122,"column":null}},"52":{"start":{"line":125,"column":4},"end":{"line":132,"column":null}},"53":{"start":{"line":132,"column":6},"end":{"line":132,"column":null}},"54":{"start":{"line":136,"column":24},"end":{"line":136,"column":43}},"55":{"start":{"line":137,"column":4},"end":{"line":138,"column":null}},"56":{"start":{"line":138,"column":6},"end":{"line":138,"column":null}},"57":{"start":{"line":142,"column":4},"end":{"line":143,"column":null}},"58":{"start":{"line":143,"column":6},"end":{"line":143,"column":null}},"59":{"start":{"line":145,"column":20},"end":{"line":145,"column":48}},"60":{"start":{"line":146,"column":61},"end":{"line":147,"column":null}},"61":{"start":{"line":151,"column":23},"end":{"line":154,"column":null}},"62":{"start":{"line":156,"column":4},"end":{"line":156,"column":null}},"63":{"start":{"line":158,"column":4},"end":{"line":165,"column":null}},"64":{"start":{"line":159,"column":6},"end":{"line":159,"column":null}},"65":{"start":{"line":160,"column":15},"end":{"line":165,"column":null}},"66":{"start":{"line":161,"column":6},"end":{"line":161,"column":null}},"67":{"start":{"line":162,"column":15},"end":{"line":165,"column":null}},"68":{"start":{"line":163,"column":6},"end":{"line":163,"column":null}},"69":{"start":{"line":165,"column":6},"end":{"line":165,"column":null}},"70":{"start":{"line":171,"column":2},"end":{"line":195,"column":null}},"71":{"start":{"line":172,"column":19},"end":{"line":172,"column":null}},"72":{"start":{"line":173,"column":18},"end":{"line":173,"column":null}},"73":{"start":{"line":176,"column":4},"end":{"line":177,"column":null}},"74":{"start":{"line":177,"column":6},"end":{"line":177,"column":null}},"75":{"start":{"line":181,"column":24},"end":{"line":181,"column":43}},"76":{"start":{"line":182,"column":4},"end":{"line":183,"column":null}},"77":{"start":{"line":183,"column":6},"end":{"line":183,"column":null}},"78":{"start":{"line":187,"column":4},"end":{"line":187,"column":null}},"79":{"start":{"line":188,"column":4},"end":{"line":188,"column":null}},"80":{"start":{"line":190,"column":4},"end":{"line":195,"column":null}},"81":{"start":{"line":191,"column":6},"end":{"line":191,"column":null}},"82":{"start":{"line":192,"column":15},"end":{"line":195,"column":null}},"83":{"start":{"line":193,"column":6},"end":{"line":193,"column":null}},"84":{"start":{"line":195,"column":6},"end":{"line":195,"column":null}}},"fnMap":{"0":{"name":"getAllNutritionLogs","decl":{"start":{"line":8,"column":15},"end":{"line":8,"column":35}},"loc":{"start":{"line":8,"column":64},"end":{"line":40,"column":null}},"line":8},"1":{"name":"getNutritionLogById","decl":{"start":{"line":46,"column":15},"end":{"line":46,"column":35}},"loc":{"start":{"line":46,"column":64},"end":{"line":75,"column":null}},"line":46},"2":{"name":"createNutritionLog","decl":{"start":{"line":80,"column":15},"end":{"line":80,"column":34}},"loc":{"start":{"line":80,"column":63},"end":{"line":113,"column":null}},"line":80},"3":{"name":"updateNutritionLog","decl":{"start":{"line":118,"column":15},"end":{"line":118,"column":34}},"loc":{"start":{"line":118,"column":63},"end":{"line":165,"column":null}},"line":118},"4":{"name":"deleteNutritionLog","decl":{"start":{"line":170,"column":15},"end":{"line":170,"column":34}},"loc":{"start":{"line":170,"column":63},"end":{"line":195,"column":null}},"line":170}},"branchMap":{"0":{"loc":{"start":{"line":15,"column":4},"end":{"line":16,"column":null}},"type":"if","locations":[{"start":{"line":15,"column":4},"end":{"line":16,"column":null}},{"start":{},"end":{}}],"line":15},"1":{"loc":{"start":{"line":15,"column":8},"end":{"line":15,"column":74}},"type":"binary-expr","locations":[{"start":{"line":15,"column":8},"end":{"line":15,"column":19}},{"start":{"line":15,"column":19},"end":{"line":15,"column":47}},{"start":{"line":15,"column":47},"end":{"line":15,"column":74}}],"line":15},"2":{"loc":{"start":{"line":24,"column":4},"end":{"line":27,"column":null}},"type":"if","locations":[{"start":{"line":24,"column":4},"end":{"line":27,"column":null}},{"start":{},"end":{}}],"line":24},"3":{"loc":{"start":{"line":24,"column":8},"end":{"line":24,"column":74}},"type":"binary-expr","locations":[{"start":{"line":24,"column":8},"end":{"line":24,"column":22}},{"start":{"line":24,"column":26},"end":{"line":24,"column":41}},{"start":{"line":24,"column":45},"end":{"line":24,"column":60}},{"start":{"line":24,"column":60},"end":{"line":24,"column":74}}],"line":24},"4":{"loc":{"start":{"line":37,"column":4},"end":{"line":40,"column":null}},"type":"if","locations":[{"start":{"line":37,"column":4},"end":{"line":40,"column":null}},{"start":{"line":39,"column":11},"end":{"line":40,"column":null}}],"line":37},"5":{"loc":{"start":{"line":52,"column":4},"end":{"line":53,"column":null}},"type":"if","locations":[{"start":{"line":52,"column":4},"end":{"line":53,"column":null}},{"start":{},"end":{}}],"line":52},"6":{"loc":{"start":{"line":52,"column":8},"end":{"line":52,"column":56}},"type":"binary-expr","locations":[{"start":{"line":52,"column":8},"end":{"line":52,"column":19}},{"start":{"line":52,"column":19},"end":{"line":52,"column":29}},{"start":{"line":52,"column":29},"end":{"line":52,"column":56}}],"line":52},"7":{"loc":{"start":{"line":58,"column":4},"end":{"line":59,"column":null}},"type":"if","locations":[{"start":{"line":58,"column":4},"end":{"line":59,"column":null}},{"start":{},"end":{}}],"line":58},"8":{"loc":{"start":{"line":70,"column":4},"end":{"line":75,"column":null}},"type":"if","locations":[{"start":{"line":70,"column":4},"end":{"line":75,"column":null}},{"start":{"line":72,"column":15},"end":{"line":75,"column":null}}],"line":70},"9":{"loc":{"start":{"line":72,"column":15},"end":{"line":75,"column":null}},"type":"if","locations":[{"start":{"line":72,"column":15},"end":{"line":75,"column":null}},{"start":{"line":74,"column":11},"end":{"line":75,"column":null}}],"line":72},"10":{"loc":{"start":{"line":86,"column":4},"end":{"line":87,"column":null}},"type":"if","locations":[{"start":{"line":86,"column":4},"end":{"line":87,"column":null}},{"start":{},"end":{}}],"line":86},"11":{"loc":{"start":{"line":86,"column":8},"end":{"line":86,"column":26}},"type":"binary-expr","locations":[{"start":{"line":86,"column":8},"end":{"line":86,"column":19}},{"start":{"line":86,"column":19},"end":{"line":86,"column":26}}],"line":86},"12":{"loc":{"start":{"line":90,"column":4},"end":{"line":91,"column":null}},"type":"if","locations":[{"start":{"line":90,"column":4},"end":{"line":91,"column":null}},{"start":{},"end":{}}],"line":90},"13":{"loc":{"start":{"line":94,"column":4},"end":{"line":95,"column":null}},"type":"if","locations":[{"start":{"line":94,"column":4},"end":{"line":95,"column":null}},{"start":{},"end":{}}],"line":94},"14":{"loc":{"start":{"line":108,"column":4},"end":{"line":113,"column":null}},"type":"if","locations":[{"start":{"line":108,"column":4},"end":{"line":113,"column":null}},{"start":{"line":110,"column":15},"end":{"line":113,"column":null}}],"line":108},"15":{"loc":{"start":{"line":110,"column":15},"end":{"line":113,"column":null}},"type":"if","locations":[{"start":{"line":110,"column":15},"end":{"line":113,"column":null}},{"start":{"line":112,"column":11},"end":{"line":113,"column":null}}],"line":110},"16":{"loc":{"start":{"line":125,"column":4},"end":{"line":132,"column":null}},"type":"if","locations":[{"start":{"line":125,"column":4},"end":{"line":132,"column":null}},{"start":{},"end":{}}],"line":125},"17":{"loc":{"start":{"line":126,"column":6},"end":{"line":130,"column":null}},"type":"binary-expr","locations":[{"start":{"line":126,"column":6},"end":{"line":126,"column":null}},{"start":{"line":127,"column":6},"end":{"line":127,"column":null}},{"start":{"line":128,"column":6},"end":{"line":128,"column":null}},{"start":{"line":129,"column":6},"end":{"line":129,"column":null}},{"start":{"line":130,"column":6},"end":{"line":130,"column":null}}],"line":126},"18":{"loc":{"start":{"line":137,"column":4},"end":{"line":138,"column":null}},"type":"if","locations":[{"start":{"line":137,"column":4},"end":{"line":138,"column":null}},{"start":{},"end":{}}],"line":137},"19":{"loc":{"start":{"line":142,"column":4},"end":{"line":143,"column":null}},"type":"if","locations":[{"start":{"line":142,"column":4},"end":{"line":143,"column":null}},{"start":{},"end":{}}],"line":142},"20":{"loc":{"start":{"line":158,"column":4},"end":{"line":165,"column":null}},"type":"if","locations":[{"start":{"line":158,"column":4},"end":{"line":165,"column":null}},{"start":{"line":160,"column":15},"end":{"line":165,"column":null}}],"line":158},"21":{"loc":{"start":{"line":160,"column":15},"end":{"line":165,"column":null}},"type":"if","locations":[{"start":{"line":160,"column":15},"end":{"line":165,"column":null}},{"start":{"line":162,"column":15},"end":{"line":165,"column":null}}],"line":160},"22":{"loc":{"start":{"line":162,"column":15},"end":{"line":165,"column":null}},"type":"if","locations":[{"start":{"line":162,"column":15},"end":{"line":165,"column":null}},{"start":{"line":164,"column":11},"end":{"line":165,"column":null}}],"line":162},"23":{"loc":{"start":{"line":176,"column":4},"end":{"line":177,"column":null}},"type":"if","locations":[{"start":{"line":176,"column":4},"end":{"line":177,"column":null}},{"start":{},"end":{}}],"line":176},"24":{"loc":{"start":{"line":176,"column":8},"end":{"line":176,"column":56}},"type":"binary-expr","locations":[{"start":{"line":176,"column":8},"end":{"line":176,"column":19}},{"start":{"line":176,"column":19},"end":{"line":176,"column":29}},{"start":{"line":176,"column":29},"end":{"line":176,"column":56}}],"line":176},"25":{"loc":{"start":{"line":182,"column":4},"end":{"line":183,"column":null}},"type":"if","locations":[{"start":{"line":182,"column":4},"end":{"line":183,"column":null}},{"start":{},"end":{}}],"line":182},"26":{"loc":{"start":{"line":190,"column":4},"end":{"line":195,"column":null}},"type":"if","locations":[{"start":{"line":190,"column":4},"end":{"line":195,"column":null}},{"start":{"line":192,"column":15},"end":{"line":195,"column":null}}],"line":190},"27":{"loc":{"start":{"line":192,"column":15},"end":{"line":195,"column":null}},"type":"if","locations":[{"start":{"line":192,"column":15},"end":{"line":195,"column":null}},{"start":{"line":194,"column":11},"end":{"line":195,"column":null}}],"line":192}},"s":{"0":13,"1":13,"2":13,"3":13,"4":13,"5":3,"6":10,"7":10,"8":10,"9":6,"10":4,"11":2,"12":2,"13":1,"14":1,"15":8,"16":8,"17":8,"18":8,"19":3,"20":5,"21":5,"22":1,"23":4,"24":1,"25":3,"26":1,"27":2,"28":1,"29":1,"30":8,"31":8,"32":8,"33":8,"34":2,"35":6,"36":1,"37":5,"38":1,"39":4,"40":4,"41":4,"42":1,"43":3,"44":1,"45":2,"46":1,"47":1,"48":12,"49":12,"50":12,"51":12,"52":12,"53":5,"54":7,"55":7,"56":1,"57":6,"58":1,"59":5,"60":5,"61":5,"62":1,"63":4,"64":1,"65":3,"66":1,"67":2,"68":1,"69":1,"70":8,"71":8,"72":8,"73":8,"74":3,"75":5,"76":5,"77":1,"78":4,"79":1,"80":3,"81":1,"82":2,"83":1,"84":1},"f":{"0":13,"1":8,"2":8,"3":12,"4":8},"b":{"0":[3,10],"1":[13,12,11],"2":[6,4],"3":[10,9,8,6],"4":[1,1],"5":[3,5],"6":[8,7,6],"7":[1,4],"8":[1,2],"9":[1,1],"10":[2,6],"11":[8,7],"12":[1,5],"13":[1,4],"14":[1,2],"15":[1,1],"16":[5,7],"17":[12,8,8,7,7],"18":[1,6],"19":[1,5],"20":[1,3],"21":[1,2],"22":[1,1],"23":[3,5],"24":[8,7,6],"25":[1,4],"26":[1,2],"27":[1,1]},"meta":{"lastBranch":28,"lastFunction":5,"lastStatement":85,"seen":{"f:8:15:8:35":0,"s:9:2:40:Infinity":0,"s:10:19:10:Infinity":1,"s:11:17:11:Infinity":2,"s:12:18:12:Infinity":3,"b:15:4:16:Infinity:undefined:undefined:undefined:undefined":0,"s:15:4:16:Infinity":4,"b:15:8:15:19:15:19:15:47:15:47:15:74":1,"s:16:6:16:Infinity":5,"s:20:20:20:38":6,"s:21:21:21:40":7,"b:24:4:27:Infinity:undefined:undefined:undefined:undefined":2,"s:24:4:27:Infinity":8,"b:24:8:24:22:24:26:24:41:24:45:24:60:24:60:24:74":3,"s:25:6:27:Infinity":9,"s:30:26:33:Infinity":10,"s:35:4:35:Infinity":11,"b:37:4:40:Infinity:39:11:40:Infinity":4,"s:37:4:40:Infinity":12,"s:38:6:38:Infinity":13,"s:40:6:40:Infinity":14,"f:46:15:46:35":1,"s:47:2:75:Infinity":15,"s:48:19:48:Infinity":16,"s:49:18:49:Infinity":17,"b:52:4:53:Infinity:undefined:undefined:undefined:undefined":5,"s:52:4:53:Infinity":18,"b:52:8:52:19:52:19:52:29:52:29:52:56":6,"s:53:6:53:Infinity":19,"s:57:24:57:43":20,"b:58:4:59:Infinity:undefined:undefined:undefined:undefined":7,"s:58:4:59:Infinity":21,"s:59:6:59:Infinity":22,"s:63:25:65:Infinity":23,"s:68:4:68:Infinity":24,"b:70:4:75:Infinity:72:15:75:Infinity":8,"s:70:4:75:Infinity":25,"s:71:6:71:Infinity":26,"b:72:15:75:Infinity:74:11:75:Infinity":9,"s:72:15:75:Infinity":27,"s:73:6:73:Infinity":28,"s:75:6:75:Infinity":29,"f:80:15:80:34":2,"s:81:2:113:Infinity":30,"s:82:19:82:Infinity":31,"s:83:21:83:Infinity":32,"b:86:4:87:Infinity:undefined:undefined:undefined:undefined":10,"s:86:4:87:Infinity":33,"b:86:8:86:19:86:19:86:26":11,"s:87:6:87:Infinity":34,"b:90:4:91:Infinity:undefined:undefined:undefined:undefined":12,"s:90:4:91:Infinity":35,"s:91:6:91:Infinity":36,"b:94:4:95:Infinity:undefined:undefined:undefined:undefined":13,"s:94:4:95:Infinity":37,"s:95:6:95:Infinity":38,"s:97:20:97:48":39,"s:99:61:102:Infinity":40,"s:105:28:105:78":41,"s:106:4:106:Infinity":42,"b:108:4:113:Infinity:110:15:113:Infinity":14,"s:108:4:113:Infinity":43,"s:109:6:109:Infinity":44,"b:110:15:113:Infinity:112:11:113:Infinity":15,"s:110:15:113:Infinity":45,"s:111:6:111:Infinity":46,"s:113:6:113:Infinity":47,"f:118:15:118:34":3,"s:119:2:165:Infinity":48,"s:120:19:120:Infinity":49,"s:121:18:121:Infinity":50,"s:122:21:122:Infinity":51,"b:125:4:132:Infinity:undefined:undefined:undefined:undefined":16,"s:125:4:132:Infinity":52,"b:126:6:126:Infinity:127:6:127:Infinity:128:6:128:Infinity:129:6:129:Infinity:130:6:130:Infinity":17,"s:132:6:132:Infinity":53,"s:136:24:136:43":54,"b:137:4:138:Infinity:undefined:undefined:undefined:undefined":18,"s:137:4:138:Infinity":55,"s:138:6:138:Infinity":56,"b:142:4:143:Infinity:undefined:undefined:undefined:undefined":19,"s:142:4:143:Infinity":57,"s:143:6:143:Infinity":58,"s:145:20:145:48":59,"s:146:61:147:Infinity":60,"s:151:23:154:Infinity":61,"s:156:4:156:Infinity":62,"b:158:4:165:Infinity:160:15:165:Infinity":20,"s:158:4:165:Infinity":63,"s:159:6:159:Infinity":64,"b:160:15:165:Infinity:162:15:165:Infinity":21,"s:160:15:165:Infinity":65,"s:161:6:161:Infinity":66,"b:162:15:165:Infinity:164:11:165:Infinity":22,"s:162:15:165:Infinity":67,"s:163:6:163:Infinity":68,"s:165:6:165:Infinity":69,"f:170:15:170:34":4,"s:171:2:195:Infinity":70,"s:172:19:172:Infinity":71,"s:173:18:173:Infinity":72,"b:176:4:177:Infinity:undefined:undefined:undefined:undefined":23,"s:176:4:177:Infinity":73,"b:176:8:176:19:176:19:176:29:176:29:176:56":24,"s:177:6:177:Infinity":74,"s:181:24:181:43":75,"b:182:4:183:Infinity:undefined:undefined:undefined:undefined":25,"s:182:4:183:Infinity":76,"s:183:6:183:Infinity":77,"s:187:4:187:Infinity":78,"s:188:4:188:Infinity":79,"b:190:4:195:Infinity:192:15:195:Infinity":26,"s:190:4:195:Infinity":80,"s:191:6:191:Infinity":81,"b:192:15:195:Infinity:194:11:195:Infinity":27,"s:192:15:195:Infinity":82,"s:193:6:193:Infinity":83,"s:195:6:195:Infinity":84}}}
,"C:\\Users\\hpate\\projects\\volt\\backend-volt\\src\\generated\\prisma\\client.ts": {"path":"C:\\Users\\hpate\\projects\\volt\\backend-volt\\src\\generated\\prisma\\client.ts","statementMap":{"0":{"start":{"line":16,"column":0},"end":{"line":16,"column":null}},"1":{"start":{"line":40,"column":28},"end":{"line":40,"column":57}}},"fnMap":{},"branchMap":{},"s":{"0":4,"1":4},"f":{},"b":{},"meta":{"lastBranch":0,"lastFunction":0,"lastStatement":2,"seen":{"s:16:0:16:Infinity":0,"s:40:28:40:57":1}}}
,"C:\\Users\\hpate\\projects\\volt\\backend-volt\\src\\generated\\prisma\\enums.ts": {"path":"C:\\Users\\hpate\\projects\\volt\\backend-volt\\src\\generated\\prisma\\enums.ts","statementMap":{},"fnMap":{},"branchMap":{},"s":{},"f":{},"b":{},"meta":{"lastBranch":0,"lastFunction":0,"lastStatement":0,"seen":{}}}
,"C:\\Users\\hpate\\projects\\volt\\backend-volt\\src\\generated\\prisma\\internal\\class.ts": {"path":"C:\\Users\\hpate\\projects\\volt\\backend-volt\\src\\generated\\prisma\\internal\\class.ts","statementMap":{"0":{"start":{"line":18,"column":46},"end":{"line":33,"column":null}},"1":{"start":{"line":35,"column":0},"end":{"line":35,"column":null}},"2":{"start":{"line":36,"column":0},"end":{"line":39,"column":null}},"3":{"start":{"line":42,"column":21},"end":{"line":42,"column":null}},"4":{"start":{"line":43,"column":20},"end":{"line":43,"column":53}},"5":{"start":{"line":44,"column":2},"end":{"line":44,"column":null}},"6":{"start":{"line":47,"column":0},"end":{"line":56,"column":null}},"7":{"start":{"line":48,"column":26},"end":{"line":48,"column":null}},"8":{"start":{"line":51,"column":21},"end":{"line":51,"column":null}},"9":{"start":{"line":52,"column":4},"end":{"line":52,"column":null}},"10":{"start":{"line":303,"column":2},"end":{"line":303,"column":null}}},"fnMap":{"0":{"name":"decodeBase64AsWasm","decl":{"start":{"line":41,"column":15},"end":{"line":41,"column":34}},"loc":{"start":{"line":41,"column":83},"end":{"line":44,"column":null}},"line":41},"1":{"name":"(anonymous_1)","decl":{"start":{"line":48,"column":14},"end":{"line":48,"column":26}},"loc":{"start":{"line":48,"column":26},"end":{"line":48,"column":null}},"line":48},"2":{"name":"(anonymous_2)","decl":{"start":{"line":50,"column":30},"end":{"line":50,"column":42}},"loc":{"start":{"line":50,"column":42},"end":{"line":52,"column":null}},"line":50},"3":{"name":"getPrismaClientClass","decl":{"start":{"line":302,"column":16},"end":{"line":302,"column":64}},"loc":{"start":{"line":302,"column":64},"end":{"line":303,"column":null}},"line":302}},"branchMap":{},"s":{"0":4,"1":4,"2":4,"3":0,"4":0,"5":0,"6":4,"7":0,"8":0,"9":0,"10":4},"f":{"0":0,"1":0,"2":0,"3":4},"b":{},"meta":{"lastBranch":0,"lastFunction":4,"lastStatement":11,"seen":{"s:18:46:33:Infinity":0,"s:35:0:35:Infinity":1,"s:36:0:39:Infinity":2,"f:41:15:41:34":0,"s:42:21:42:Infinity":3,"s:43:20:43:53":4,"s:44:2:44:Infinity":5,"s:47:0:56:Infinity":6,"f:48:14:48:26":1,"s:48:26:48:Infinity":7,"f:50:30:50:42":2,"s:51:21:51:Infinity":8,"s:52:4:52:Infinity":9,"f:302:16:302:64":3,"s:303:2:303:Infinity":10}}}
,"C:\\Users\\hpate\\projects\\volt\\backend-volt\\src\\generated\\prisma\\internal\\prismaNamespace.ts": {"path":"C:\\Users\\hpate\\projects\\volt\\backend-volt\\src\\generated\\prisma\\internal\\prismaNamespace.ts","statementMap":{"0":{"start":{"line":32,"column":45},"end":{"line":32,"column":null}},"1":{"start":{"line":35,"column":47},"end":{"line":35,"column":null}},"2":{"start":{"line":38,"column":42},"end":{"line":38,"column":null}},"3":{"start":{"line":41,"column":47},"end":{"line":41,"column":null}},"4":{"start":{"line":44,"column":43},"end":{"line":44,"column":null}},"5":{"start":{"line":50,"column":19},"end":{"line":50,"column":null}},"6":{"start":{"line":51,"column":21},"end":{"line":51,"column":null}},"7":{"start":{"line":52,"column":20},"end":{"line":52,"column":null}},"8":{"start":{"line":53,"column":19},"end":{"line":53,"column":null}},"9":{"start":{"line":54,"column":19},"end":{"line":54,"column":null}},"10":{"start":{"line":62,"column":23},"end":{"line":62,"column":null}},"11":{"start":{"line":71,"column":35},"end":{"line":71,"column":null}},"12":{"start":{"line":86,"column":44},"end":{"line":89,"column":null}},"13":{"start":{"line":104,"column":25},"end":{"line":108,"column":null}},"14":{"start":{"line":114,"column":22},"end":{"line":114,"column":null}},"15":{"start":{"line":121,"column":24},"end":{"line":121,"column":null}},"16":{"start":{"line":128,"column":23},"end":{"line":128,"column":null}},"17":{"start":{"line":386,"column":25},"end":{"line":398,"column":null}},"18":{"start":{"line":1260,"column":41},"end":{"line":1265,"column":11}},"19":{"start":{"line":1270,"column":35},"end":{"line":1280,"column":null}},"20":{"start":{"line":1285,"column":39},"end":{"line":1298,"column":null}},"21":{"start":{"line":1303,"column":37},"end":{"line":1308,"column":null}},"22":{"start":{"line":1313,"column":42},"end":{"line":1318,"column":null}},"23":{"start":{"line":1323,"column":41},"end":{"line":1328,"column":null}},"24":{"start":{"line":1333,"column":49},"end":{"line":1338,"column":null}},"25":{"start":{"line":1343,"column":41},"end":{"line":1348,"column":null}},"26":{"start":{"line":1353,"column":42},"end":{"line":1358,"column":null}},"27":{"start":{"line":1363,"column":37},"end":{"line":1369,"column":null}},"28":{"start":{"line":1374,"column":43},"end":{"line":1378,"column":null}},"29":{"start":{"line":1383,"column":35},"end":{"line":1391,"column":null}},"30":{"start":{"line":1396,"column":25},"end":{"line":1399,"column":null}},"31":{"start":{"line":1404,"column":25},"end":{"line":1407,"column":null}},"32":{"start":{"line":1412,"column":26},"end":{"line":1415,"column":null}},"33":{"start":{"line":1495,"column":31},"end":{"line":1495,"column":null}}},"fnMap":{},"branchMap":{},"s":{"0":4,"1":4,"2":4,"3":4,"4":4,"5":4,"6":4,"7":4,"8":4,"9":4,"10":4,"11":4,"12":4,"13":4,"14":4,"15":4,"16":4,"17":4,"18":4,"19":4,"20":4,"21":4,"22":4,"23":4,"24":4,"25":4,"26":4,"27":4,"28":4,"29":4,"30":4,"31":4,"32":4,"33":4},"f":{},"b":{},"meta":{"lastBranch":0,"lastFunction":0,"lastStatement":34,"seen":{"s:32:45:32:Infinity":0,"s:35:47:35:Infinity":1,"s:38:42:38:Infinity":2,"s:41:47:41:Infinity":3,"s:44:43:44:Infinity":4,"s:50:19:50:Infinity":5,"s:51:21:51:Infinity":6,"s:52:20:52:Infinity":7,"s:53:19:53:Infinity":8,"s:54:19:54:Infinity":9,"s:62:23:62:Infinity":10,"s:71:35:71:Infinity":11,"s:86:44:89:Infinity":12,"s:104:25:108:Infinity":13,"s:114:22:114:Infinity":14,"s:121:24:121:Infinity":15,"s:128:23:128:Infinity":16,"s:386:25:398:Infinity":17,"s:1260:41:1265:11":18,"s:1270:35:1280:Infinity":19,"s:1285:39:1298:Infinity":20,"s:1303:37:1308:Infinity":21,"s:1313:42:1318:Infinity":22,"s:1323:41:1328:Infinity":23,"s:1333:49:1338:Infinity":24,"s:1343:41:1348:Infinity":25,"s:1353:42:1358:Infinity":26,"s:1363:37:1369:Infinity":27,"s:1374:43:1378:Infinity":28,"s:1383:35:1391:Infinity":29,"s:1396:25:1399:Infinity":30,"s:1404:25:1407:Infinity":31,"s:1412:26:1415:Infinity":32,"s:1495:31:1495:Infinity":33}}}
,"C:\\Users\\hpate\\projects\\volt\\backend-volt\\src\\services\\meal.service.ts": {"path":"C:\\Users\\hpate\\projects\\volt\\backend-volt\\src\\services\\meal.service.ts","statementMap":{"0":{"start":{"line":8,"column":2},"end":{"line":30,"column":null}},"1":{"start":{"line":10,"column":16},"end":{"line":12,"column":6}},"2":{"start":{"line":15,"column":4},"end":{"line":16,"column":null}},"3":{"start":{"line":16,"column":6},"end":{"line":16,"column":null}},"4":{"start":{"line":20,"column":18},"end":{"line":22,"column":6}},"5":{"start":{"line":23,"column":4},"end":{"line":23,"column":null}},"6":{"start":{"line":25,"column":4},"end":{"line":30,"column":null}},"7":{"start":{"line":26,"column":6},"end":{"line":26,"column":null}},"8":{"start":{"line":27,"column":15},"end":{"line":30,"column":null}},"9":{"start":{"line":28,"column":6},"end":{"line":28,"column":null}},"10":{"start":{"line":30,"column":6},"end":{"line":30,"column":null}},"11":{"start":{"line":36,"column":2},"end":{"line":63,"column":null}},"12":{"start":{"line":38,"column":16},"end":{"line":40,"column":6}},"13":{"start":{"line":43,"column":4},"end":{"line":44,"column":null}},"14":{"start":{"line":44,"column":6},"end":{"line":44,"column":null}},"15":{"start":{"line":48,"column":17},"end":{"line":50,"column":6}},"16":{"start":{"line":52,"column":4},"end":{"line":53,"column":null}},"17":{"start":{"line":53,"column":6},"end":{"line":53,"column":null}},"18":{"start":{"line":56,"column":4},"end":{"line":56,"column":null}},"19":{"start":{"line":58,"column":4},"end":{"line":63,"column":null}},"20":{"start":{"line":59,"column":6},"end":{"line":59,"column":null}},"21":{"start":{"line":60,"column":15},"end":{"line":63,"column":null}},"22":{"start":{"line":61,"column":6},"end":{"line":61,"column":null}},"23":{"start":{"line":63,"column":6},"end":{"line":63,"column":null}},"24":{"start":{"line":74,"column":2},"end":{"line":94,"column":null}},"25":{"start":{"line":76,"column":24},"end":{"line":78,"column":6}},"26":{"start":{"line":80,"column":4},"end":{"line":81,"column":null}},"27":{"start":{"line":81,"column":6},"end":{"line":81,"column":null}},"28":{"start":{"line":84,"column":20},"end":{"line":86,"column":6}},"29":{"start":{"line":87,"column":4},"end":{"line":87,"column":null}},"30":{"start":{"line":89,"column":4},"end":{"line":94,"column":null}},"31":{"start":{"line":90,"column":6},"end":{"line":90,"column":null}},"32":{"start":{"line":91,"column":15},"end":{"line":94,"column":null}},"33":{"start":{"line":92,"column":6},"end":{"line":92,"column":null}},"34":{"start":{"line":94,"column":6},"end":{"line":94,"column":null}},"35":{"start":{"line":106,"column":2},"end":{"line":132,"column":null}},"36":{"start":{"line":108,"column":24},"end":{"line":110,"column":6}},"37":{"start":{"line":112,"column":4},"end":{"line":113,"column":null}},"38":{"start":{"line":113,"column":6},"end":{"line":113,"column":null}},"39":{"start":{"line":116,"column":24},"end":{"line":119,"column":6}},"40":{"start":{"line":120,"column":4},"end":{"line":120,"column":null}},"41":{"start":{"line":122,"column":4},"end":{"line":132,"column":null}},"42":{"start":{"line":126,"column":6},"end":{"line":126,"column":null}},"43":{"start":{"line":127,"column":15},"end":{"line":132,"column":null}},"44":{"start":{"line":128,"column":6},"end":{"line":128,"column":null}},"45":{"start":{"line":129,"column":15},"end":{"line":132,"column":null}},"46":{"start":{"line":130,"column":6},"end":{"line":130,"column":null}},"47":{"start":{"line":132,"column":6},"end":{"line":132,"column":null}},"48":{"start":{"line":139,"column":2},"end":{"line":164,"column":null}},"49":{"start":{"line":141,"column":24},"end":{"line":143,"column":6}},"50":{"start":{"line":145,"column":4},"end":{"line":146,"column":null}},"51":{"start":{"line":146,"column":6},"end":{"line":146,"column":null}},"52":{"start":{"line":149,"column":4},"end":{"line":151,"column":null}},"53":{"start":{"line":152,"column":4},"end":{"line":152,"column":null}},"54":{"start":{"line":154,"column":4},"end":{"line":164,"column":null}},"55":{"start":{"line":158,"column":6},"end":{"line":158,"column":null}},"56":{"start":{"line":159,"column":15},"end":{"line":164,"column":null}},"57":{"start":{"line":160,"column":6},"end":{"line":160,"column":null}},"58":{"start":{"line":161,"column":15},"end":{"line":164,"column":null}},"59":{"start":{"line":162,"column":6},"end":{"line":162,"column":null}},"60":{"start":{"line":164,"column":6},"end":{"line":164,"column":null}}},"fnMap":{"0":{"name":"getAllMeals","decl":{"start":{"line":7,"column":15},"end":{"line":7,"column":27}},"loc":{"start":{"line":7,"column":58},"end":{"line":30,"column":null}},"line":7},"1":{"name":"getMealById","decl":{"start":{"line":35,"column":15},"end":{"line":35,"column":27}},"loc":{"start":{"line":35,"column":74},"end":{"line":63,"column":null}},"line":35},"2":{"name":"createMeal","decl":{"start":{"line":69,"column":15},"end":{"line":69,"column":null}},"loc":{"start":{"line":73,"column":2},"end":{"line":94,"column":null}},"line":73},"3":{"name":"updateMeal","decl":{"start":{"line":100,"column":15},"end":{"line":100,"column":null}},"loc":{"start":{"line":105,"column":2},"end":{"line":132,"column":null}},"line":105},"4":{"name":"deleteMeal","decl":{"start":{"line":138,"column":15},"end":{"line":138,"column":26}},"loc":{"start":{"line":138,"column":73},"end":{"line":164,"column":null}},"line":138}},"branchMap":{"0":{"loc":{"start":{"line":15,"column":4},"end":{"line":16,"column":null}},"type":"if","locations":[{"start":{"line":15,"column":4},"end":{"line":16,"column":null}},{"start":{},"end":{}}],"line":15},"1":{"loc":{"start":{"line":25,"column":4},"end":{"line":30,"column":null}},"type":"if","locations":[{"start":{"line":25,"column":4},"end":{"line":30,"column":null}},{"start":{"line":27,"column":15},"end":{"line":30,"column":null}}],"line":25},"2":{"loc":{"start":{"line":27,"column":15},"end":{"line":30,"column":null}},"type":"if","locations":[{"start":{"line":27,"column":15},"end":{"line":30,"column":null}},{"start":{"line":29,"column":11},"end":{"line":30,"column":null}}],"line":27},"3":{"loc":{"start":{"line":43,"column":4},"end":{"line":44,"column":null}},"type":"if","locations":[{"start":{"line":43,"column":4},"end":{"line":44,"column":null}},{"start":{},"end":{}}],"line":43},"4":{"loc":{"start":{"line":52,"column":4},"end":{"line":53,"column":null}},"type":"if","locations":[{"start":{"line":52,"column":4},"end":{"line":53,"column":null}},{"start":{},"end":{}}],"line":52},"5":{"loc":{"start":{"line":58,"column":4},"end":{"line":63,"column":null}},"type":"if","locations":[{"start":{"line":58,"column":4},"end":{"line":63,"column":null}},{"start":{"line":60,"column":15},"end":{"line":63,"column":null}}],"line":58},"6":{"loc":{"start":{"line":60,"column":15},"end":{"line":63,"column":null}},"type":"if","locations":[{"start":{"line":60,"column":15},"end":{"line":63,"column":null}},{"start":{"line":62,"column":11},"end":{"line":63,"column":null}}],"line":60},"7":{"loc":{"start":{"line":80,"column":4},"end":{"line":81,"column":null}},"type":"if","locations":[{"start":{"line":80,"column":4},"end":{"line":81,"column":null}},{"start":{},"end":{}}],"line":80},"8":{"loc":{"start":{"line":89,"column":4},"end":{"line":94,"column":null}},"type":"if","locations":[{"start":{"line":89,"column":4},"end":{"line":94,"column":null}},{"start":{"line":91,"column":15},"end":{"line":94,"column":null}}],"line":89},"9":{"loc":{"start":{"line":91,"column":15},"end":{"line":94,"column":null}},"type":"if","locations":[{"start":{"line":91,"column":15},"end":{"line":94,"column":null}},{"start":{"line":93,"column":11},"end":{"line":94,"column":null}}],"line":91},"10":{"loc":{"start":{"line":112,"column":4},"end":{"line":113,"column":null}},"type":"if","locations":[{"start":{"line":112,"column":4},"end":{"line":113,"column":null}},{"start":{},"end":{}}],"line":112},"11":{"loc":{"start":{"line":122,"column":4},"end":{"line":132,"column":null}},"type":"if","locations":[{"start":{"line":122,"column":4},"end":{"line":132,"column":null}},{"start":{"line":127,"column":15},"end":{"line":132,"column":null}}],"line":122},"12":{"loc":{"start":{"line":123,"column":6},"end":{"line":124,"column":null}},"type":"binary-expr","locations":[{"start":{"line":123,"column":6},"end":{"line":123,"column":null}},{"start":{"line":124,"column":6},"end":{"line":124,"column":null}}],"line":123},"13":{"loc":{"start":{"line":127,"column":15},"end":{"line":132,"column":null}},"type":"if","locations":[{"start":{"line":127,"column":15},"end":{"line":132,"column":null}},{"start":{"line":129,"column":15},"end":{"line":132,"column":null}}],"line":127},"14":{"loc":{"start":{"line":129,"column":15},"end":{"line":132,"column":null}},"type":"if","locations":[{"start":{"line":129,"column":15},"end":{"line":132,"column":null}},{"start":{"line":131,"column":11},"end":{"line":132,"column":null}}],"line":129},"15":{"loc":{"start":{"line":145,"column":4},"end":{"line":146,"column":null}},"type":"if","locations":[{"start":{"line":145,"column":4},"end":{"line":146,"column":null}},{"start":{},"end":{}}],"line":145},"16":{"loc":{"start":{"line":154,"column":4},"end":{"line":164,"column":null}},"type":"if","locations":[{"start":{"line":154,"column":4},"end":{"line":164,"column":null}},{"start":{"line":159,"column":15},"end":{"line":164,"column":null}}],"line":154},"17":{"loc":{"start":{"line":155,"column":6},"end":{"line":156,"column":null}},"type":"binary-expr","locations":[{"start":{"line":155,"column":6},"end":{"line":155,"column":null}},{"start":{"line":156,"column":6},"end":{"line":156,"column":null}}],"line":155},"18":{"loc":{"start":{"line":159,"column":15},"end":{"line":164,"column":null}},"type":"if","locations":[{"start":{"line":159,"column":15},"end":{"line":164,"column":null}},{"start":{"line":161,"column":15},"end":{"line":164,"column":null}}],"line":159},"19":{"loc":{"start":{"line":161,"column":15},"end":{"line":164,"column":null}},"type":"if","locations":[{"start":{"line":161,"column":15},"end":{"line":164,"column":null}},{"start":{"line":163,"column":11},"end":{"line":164,"column":null}}],"line":161}},"s":{"0":5,"1":5,"2":5,"3":1,"4":4,"5":2,"6":3,"7":1,"8":2,"9":1,"10":1,"11":5,"12":5,"13":5,"14":1,"15":4,"16":2,"17":1,"18":1,"19":4,"20":2,"21":2,"22":1,"23":1,"24":4,"25":4,"26":4,"27":1,"28":3,"29":1,"30":3,"31":1,"32":2,"33":1,"34":1,"35":5,"36":5,"37":5,"38":1,"39":4,"40":1,"41":4,"42":1,"43":3,"44":1,"45":2,"46":1,"47":1,"48":5,"49":5,"50":5,"51":1,"52":4,"53":1,"54":4,"55":1,"56":3,"57":1,"58":2,"59":1,"60":1},"f":{"0":5,"1":5,"2":4,"3":5,"4":5},"b":{"0":[1,4],"1":[1,2],"2":[1,1],"3":[1,4],"4":[1,1],"5":[2,2],"6":[1,1],"7":[1,3],"8":[1,2],"9":[1,1],"10":[1,4],"11":[1,3],"12":[4,1],"13":[1,2],"14":[1,1],"15":[1,4],"16":[1,3],"17":[4,1],"18":[1,2],"19":[1,1]},"meta":{"lastBranch":20,"lastFunction":5,"lastStatement":61,"seen":{"f:7:15:7:27":0,"s:8:2:30:Infinity":0,"s:10:16:12:6":1,"b:15:4:16:Infinity:undefined:undefined:undefined:undefined":0,"s:15:4:16:Infinity":2,"s:16:6:16:Infinity":3,"s:20:18:22:6":4,"s:23:4:23:Infinity":5,"b:25:4:30:Infinity:27:15:30:Infinity":1,"s:25:4:30:Infinity":6,"s:26:6:26:Infinity":7,"b:27:15:30:Infinity:29:11:30:Infinity":2,"s:27:15:30:Infinity":8,"s:28:6:28:Infinity":9,"s:30:6:30:Infinity":10,"f:35:15:35:27":1,"s:36:2:63:Infinity":11,"s:38:16:40:6":12,"b:43:4:44:Infinity:undefined:undefined:undefined:undefined":3,"s:43:4:44:Infinity":13,"s:44:6:44:Infinity":14,"s:48:17:50:6":15,"b:52:4:53:Infinity:undefined:undefined:undefined:undefined":4,"s:52:4:53:Infinity":16,"s:53:6:53:Infinity":17,"s:56:4:56:Infinity":18,"b:58:4:63:Infinity:60:15:63:Infinity":5,"s:58:4:63:Infinity":19,"s:59:6:59:Infinity":20,"b:60:15:63:Infinity:62:11:63:Infinity":6,"s:60:15:63:Infinity":21,"s:61:6:61:Infinity":22,"s:63:6:63:Infinity":23,"f:69:15:69:Infinity":2,"s:74:2:94:Infinity":24,"s:76:24:78:6":25,"b:80:4:81:Infinity:undefined:undefined:undefined:undefined":7,"s:80:4:81:Infinity":26,"s:81:6:81:Infinity":27,"s:84:20:86:6":28,"s:87:4:87:Infinity":29,"b:89:4:94:Infinity:91:15:94:Infinity":8,"s:89:4:94:Infinity":30,"s:90:6:90:Infinity":31,"b:91:15:94:Infinity:93:11:94:Infinity":9,"s:91:15:94:Infinity":32,"s:92:6:92:Infinity":33,"s:94:6:94:Infinity":34,"f:100:15:100:Infinity":3,"s:106:2:132:Infinity":35,"s:108:24:110:6":36,"b:112:4:113:Infinity:undefined:undefined:undefined:undefined":10,"s:112:4:113:Infinity":37,"s:113:6:113:Infinity":38,"s:116:24:119:6":39,"s:120:4:120:Infinity":40,"b:122:4:132:Infinity:127:15:132:Infinity":11,"s:122:4:132:Infinity":41,"b:123:6:123:Infinity:124:6:124:Infinity":12,"s:126:6:126:Infinity":42,"b:127:15:132:Infinity:129:15:132:Infinity":13,"s:127:15:132:Infinity":43,"s:128:6:128:Infinity":44,"b:129:15:132:Infinity:131:11:132:Infinity":14,"s:129:15:132:Infinity":45,"s:130:6:130:Infinity":46,"s:132:6:132:Infinity":47,"f:138:15:138:26":4,"s:139:2:164:Infinity":48,"s:141:24:143:6":49,"b:145:4:146:Infinity:undefined:undefined:undefined:undefined":15,"s:145:4:146:Infinity":50,"s:146:6:146:Infinity":51,"s:149:4:151:Infinity":52,"s:152:4:152:Infinity":53,"b:154:4:164:Infinity:159:15:164:Infinity":16,"s:154:4:164:Infinity":54,"b:155:6:155:Infinity:156:6:156:Infinity":17,"s:158:6:158:Infinity":55,"b:159:15:164:Infinity:161:15:164:Infinity":18,"s:159:15:164:Infinity":56,"s:160:6:160:Infinity":57,"b:161:15:164:Infinity:163:11:164:Infinity":19,"s:161:15:164:Infinity":58,"s:162:6:162:Infinity":59,"s:164:6:164:Infinity":60}}}
,"C:\\Users\\hpate\\projects\\volt\\backend-volt\\src\\services\\nutrition.service.ts": {"path":"C:\\Users\\hpate\\projects\\volt\\backend-volt\\src\\services\\nutrition.service.ts","statementMap":{"0":{"start":{"line":11,"column":2},"end":{"line":28,"column":null}},"1":{"start":{"line":13,"column":35},"end":{"line":21,"column":6}},"2":{"start":{"line":23,"column":4},"end":{"line":23,"column":null}},"3":{"start":{"line":25,"column":4},"end":{"line":28,"column":null}},"4":{"start":{"line":26,"column":6},"end":{"line":26,"column":null}},"5":{"start":{"line":28,"column":6},"end":{"line":28,"column":null}},"6":{"start":{"line":34,"column":2},"end":{"line":50,"column":null}},"7":{"start":{"line":35,"column":25},"end":{"line":37,"column":6}},"8":{"start":{"line":39,"column":4},"end":{"line":40,"column":null}},"9":{"start":{"line":40,"column":6},"end":{"line":40,"column":null}},"10":{"start":{"line":43,"column":4},"end":{"line":43,"column":null}},"11":{"start":{"line":45,"column":4},"end":{"line":50,"column":null}},"12":{"start":{"line":46,"column":6},"end":{"line":46,"column":null}},"13":{"start":{"line":47,"column":15},"end":{"line":50,"column":null}},"14":{"start":{"line":48,"column":6},"end":{"line":48,"column":null}},"15":{"start":{"line":50,"column":6},"end":{"line":50,"column":null}},"16":{"start":{"line":60,"column":2},"end":{"line":76,"column":null}},"17":{"start":{"line":61,"column":28},"end":{"line":63,"column":6}},"18":{"start":{"line":64,"column":4},"end":{"line":64,"column":null}},"19":{"start":{"line":66,"column":4},"end":{"line":76,"column":null}},"20":{"start":{"line":70,"column":6},"end":{"line":72,"column":null}},"21":{"start":{"line":73,"column":15},"end":{"line":76,"column":null}},"22":{"start":{"line":74,"column":6},"end":{"line":74,"column":null}},"23":{"start":{"line":76,"column":6},"end":{"line":76,"column":null}},"24":{"start":{"line":90,"column":2},"end":{"line":113,"column":null}},"25":{"start":{"line":92,"column":23},"end":{"line":95,"column":6}},"26":{"start":{"line":96,"column":4},"end":{"line":96,"column":null}},"27":{"start":{"line":98,"column":4},"end":{"line":113,"column":null}},"28":{"start":{"line":102,"column":6},"end":{"line":102,"column":null}},"29":{"start":{"line":104,"column":6},"end":{"line":113,"column":null}},"30":{"start":{"line":107,"column":6},"end":{"line":109,"column":null}},"31":{"start":{"line":110,"column":15},"end":{"line":113,"column":null}},"32":{"start":{"line":111,"column":6},"end":{"line":111,"column":null}},"33":{"start":{"line":113,"column":6},"end":{"line":113,"column":null}},"34":{"start":{"line":122,"column":2},"end":{"line":136,"column":null}},"35":{"start":{"line":123,"column":4},"end":{"line":125,"column":null}},"36":{"start":{"line":126,"column":4},"end":{"line":126,"column":null}},"37":{"start":{"line":128,"column":4},"end":{"line":136,"column":null}},"38":{"start":{"line":132,"column":6},"end":{"line":132,"column":null}},"39":{"start":{"line":133,"column":15},"end":{"line":136,"column":null}},"40":{"start":{"line":134,"column":6},"end":{"line":134,"column":null}},"41":{"start":{"line":136,"column":6},"end":{"line":136,"column":null}}},"fnMap":{"0":{"name":"getAllNutritionLogs","decl":{"start":{"line":6,"column":15},"end":{"line":6,"column":null}},"loc":{"start":{"line":10,"column":2},"end":{"line":28,"column":null}},"line":10},"1":{"name":"getNutritionLogById","decl":{"start":{"line":33,"column":15},"end":{"line":33,"column":35}},"loc":{"start":{"line":33,"column":66},"end":{"line":50,"column":null}},"line":33},"2":{"name":"createNutritionLog","decl":{"start":{"line":57,"column":15},"end":{"line":57,"column":null}},"loc":{"start":{"line":59,"column":2},"end":{"line":76,"column":null}},"line":59},"3":{"name":"updateNutritionLog","decl":{"start":{"line":85,"column":15},"end":{"line":85,"column":null}},"loc":{"start":{"line":89,"column":2},"end":{"line":113,"column":null}},"line":89},"4":{"name":"deleteNutritionLog","decl":{"start":{"line":121,"column":15},"end":{"line":121,"column":34}},"loc":{"start":{"line":121,"column":65},"end":{"line":136,"column":null}},"line":121}},"branchMap":{"0":{"loc":{"start":{"line":25,"column":4},"end":{"line":28,"column":null}},"type":"if","locations":[{"start":{"line":25,"column":4},"end":{"line":28,"column":null}},{"start":{"line":27,"column":11},"end":{"line":28,"column":null}}],"line":25},"1":{"loc":{"start":{"line":39,"column":4},"end":{"line":40,"column":null}},"type":"if","locations":[{"start":{"line":39,"column":4},"end":{"line":40,"column":null}},{"start":{},"end":{}}],"line":39},"2":{"loc":{"start":{"line":45,"column":4},"end":{"line":50,"column":null}},"type":"if","locations":[{"start":{"line":45,"column":4},"end":{"line":50,"column":null}},{"start":{"line":47,"column":15},"end":{"line":50,"column":null}}],"line":45},"3":{"loc":{"start":{"line":47,"column":15},"end":{"line":50,"column":null}},"type":"if","locations":[{"start":{"line":47,"column":15},"end":{"line":50,"column":null}},{"start":{"line":49,"column":11},"end":{"line":50,"column":null}}],"line":47},"4":{"loc":{"start":{"line":66,"column":4},"end":{"line":76,"column":null}},"type":"if","locations":[{"start":{"line":66,"column":4},"end":{"line":76,"column":null}},{"start":{"line":73,"column":15},"end":{"line":76,"column":null}}],"line":66},"5":{"loc":{"start":{"line":67,"column":6},"end":{"line":68,"column":null}},"type":"binary-expr","locations":[{"start":{"line":67,"column":6},"end":{"line":67,"column":null}},{"start":{"line":68,"column":6},"end":{"line":68,"column":null}}],"line":67},"6":{"loc":{"start":{"line":73,"column":15},"end":{"line":76,"column":null}},"type":"if","locations":[{"start":{"line":73,"column":15},"end":{"line":76,"column":null}},{"start":{"line":75,"column":11},"end":{"line":76,"column":null}}],"line":73},"7":{"loc":{"start":{"line":98,"column":4},"end":{"line":113,"column":null}},"type":"if","locations":[{"start":{"line":98,"column":4},"end":{"line":113,"column":null}},{"start":{"line":104,"column":6},"end":{"line":113,"column":null}}],"line":98},"8":{"loc":{"start":{"line":99,"column":6},"end":{"line":100,"column":null}},"type":"binary-expr","locations":[{"start":{"line":99,"column":6},"end":{"line":99,"column":null}},{"start":{"line":100,"column":6},"end":{"line":100,"column":null}}],"line":99},"9":{"loc":{"start":{"line":104,"column":6},"end":{"line":113,"column":null}},"type":"if","locations":[{"start":{"line":104,"column":6},"end":{"line":113,"column":null}},{"start":{"line":110,"column":15},"end":{"line":113,"column":null}}],"line":104},"10":{"loc":{"start":{"line":104,"column":6},"end":{"line":105,"column":null}},"type":"binary-expr","locations":[{"start":{"line":104,"column":6},"end":{"line":104,"column":null}},{"start":{"line":105,"column":6},"end":{"line":105,"column":null}}],"line":104},"11":{"loc":{"start":{"line":110,"column":15},"end":{"line":113,"column":null}},"type":"if","locations":[{"start":{"line":110,"column":15},"end":{"line":113,"column":null}},{"start":{"line":112,"column":11},"end":{"line":113,"column":null}}],"line":110},"12":{"loc":{"start":{"line":128,"column":4},"end":{"line":136,"column":null}},"type":"if","locations":[{"start":{"line":128,"column":4},"end":{"line":136,"column":null}},{"start":{"line":133,"column":15},"end":{"line":136,"column":null}}],"line":128},"13":{"loc":{"start":{"line":129,"column":6},"end":{"line":130,"column":null}},"type":"binary-expr","locations":[{"start":{"line":129,"column":6},"end":{"line":129,"column":null}},{"start":{"line":130,"column":6},"end":{"line":130,"column":null}}],"line":129},"14":{"loc":{"start":{"line":133,"column":15},"end":{"line":136,"column":null}},"type":"if","locations":[{"start":{"line":133,"column":15},"end":{"line":136,"column":null}},{"start":{"line":135,"column":11},"end":{"line":136,"column":null}}],"line":133}},"s":{"0":5,"1":5,"2":3,"3":2,"4":1,"5":1,"6":4,"7":4,"8":2,"9":1,"10":1,"11":3,"12":1,"13":2,"14":1,"15":1,"16":4,"17":4,"18":1,"19":3,"20":1,"21":2,"22":1,"23":1,"24":5,"25":5,"26":1,"27":4,"28":1,"29":3,"30":1,"31":2,"32":1,"33":1,"34":4,"35":4,"36":1,"37":3,"38":1,"39":2,"40":1,"41":1},"f":{"0":5,"1":4,"2":4,"3":5,"4":4},"b":{"0":[1,1],"1":[1,1],"2":[1,2],"3":[1,1],"4":[1,2],"5":[3,1],"6":[1,1],"7":[1,3],"8":[4,2],"9":[1,2],"10":[3,1],"11":[1,1],"12":[1,2],"13":[3,1],"14":[1,1]},"meta":{"lastBranch":15,"lastFunction":5,"lastStatement":42,"seen":{"f:6:15:6:Infinity":0,"s:11:2:28:Infinity":0,"s:13:35:21:6":1,"s:23:4:23:Infinity":2,"b:25:4:28:Infinity:27:11:28:Infinity":0,"s:25:4:28:Infinity":3,"s:26:6:26:Infinity":4,"s:28:6:28:Infinity":5,"f:33:15:33:35":1,"s:34:2:50:Infinity":6,"s:35:25:37:6":7,"b:39:4:40:Infinity:undefined:undefined:undefined:undefined":1,"s:39:4:40:Infinity":8,"s:40:6:40:Infinity":9,"s:43:4:43:Infinity":10,"b:45:4:50:Infinity:47:15:50:Infinity":2,"s:45:4:50:Infinity":11,"s:46:6:46:Infinity":12,"b:47:15:50:Infinity:49:11:50:Infinity":3,"s:47:15:50:Infinity":13,"s:48:6:48:Infinity":14,"s:50:6:50:Infinity":15,"f:57:15:57:Infinity":2,"s:60:2:76:Infinity":16,"s:61:28:63:6":17,"s:64:4:64:Infinity":18,"b:66:4:76:Infinity:73:15:76:Infinity":4,"s:66:4:76:Infinity":19,"b:67:6:67:Infinity:68:6:68:Infinity":5,"s:70:6:72:Infinity":20,"b:73:15:76:Infinity:75:11:76:Infinity":6,"s:73:15:76:Infinity":21,"s:74:6:74:Infinity":22,"s:76:6:76:Infinity":23,"f:85:15:85:Infinity":3,"s:90:2:113:Infinity":24,"s:92:23:95:6":25,"s:96:4:96:Infinity":26,"b:98:4:113:Infinity:104:6:113:Infinity":7,"s:98:4:113:Infinity":27,"b:99:6:99:Infinity:100:6:100:Infinity":8,"s:102:6:102:Infinity":28,"b:104:6:113:Infinity:110:15:113:Infinity":9,"s:104:6:113:Infinity":29,"b:104:6:104:Infinity:105:6:105:Infinity":10,"s:107:6:109:Infinity":30,"b:110:15:113:Infinity:112:11:113:Infinity":11,"s:110:15:113:Infinity":31,"s:111:6:111:Infinity":32,"s:113:6:113:Infinity":33,"f:121:15:121:34":4,"s:122:2:136:Infinity":34,"s:123:4:125:Infinity":35,"s:126:4:126:Infinity":36,"b:128:4:136:Infinity:133:15:136:Infinity":12,"s:128:4:136:Infinity":37,"b:129:6:129:Infinity:130:6:130:Infinity":13,"s:132:6:132:Infinity":38,"b:133:15:136:Infinity:135:11:136:Infinity":14,"s:133:15:136:Infinity":39,"s:134:6:134:Infinity":40,"s:136:6:136:Infinity":41}}}
}
